2020/06/12 10:42:36  Project name <prjWINPricing400> : Module name <clsDatabaseMngr> :Routine name <GetRs> : Local error message <Run time error. Can't get record set. SQL1 -> SELECT MAX(EWPI.DECLARE_COUNT) FROM EX_WORKS_PRICE_ITEM EWPI WHERE (EWP.EX_WORKS_PRICE_ID = 87) ASC  SQL2 -> SELECT COUNT(*)  FROM EX_WORKS_PRICE_ITEM EWPI WHERE (EWP.EX_WORKS_PRICE_ID = 87) > : System error message <Prepare:
SQLCODE=-206:
Dynamic SQL Error
SQL error code = -206
Column unknown
EWP.EX_WORKS_PRICE_ID
At line 1, column 59
IBCODE=isc_dsql_error
>
2020/06/12 10:42:39  Project name <prjWINPricing400> : Module name <clsDatabaseMngr> :Routine name <GetRs> : Local error message <Run time error. Can't get record set. SQL1 -> SELECT MAX(EWPI.DECLARE_COUNT) FROM EX_WORKS_PRICE_ITEM EWPI WHERE (EWP.EX_WORKS_PRICE_ID = 87) ASC  SQL2 -> SELECT COUNT(*)  FROM EX_WORKS_PRICE_ITEM EWPI WHERE (EWP.EX_WORKS_PRICE_ID = 87) > : System error message <Operation is not allowed when the object is closed.>
2020/06/12 10:43:02  Project name <prjWINPricing400> : Module name <clsDatabaseMngr> :Routine name <GetRs> : Local error message <Run time error. Can't get record set. SQL1 -> SELECT MAX(EWPI.DECLARE_COUNT) FROM EX_WORKS_PRICE_ITEM EWPI WHERE (EWP.EX_WORKS_PRICE_ID = 87) ASC  SQL2 -> SELECT COUNT(*)  FROM EX_WORKS_PRICE_ITEM EWPI WHERE (EWP.EX_WORKS_PRICE_ID = 87) > : System error message <Prepare:
SQLCODE=-206:
Dynamic SQL Error
SQL error code = -206
Column unknown
EWP.EX_WORKS_PRICE_ID
At line 1, column 59
IBCODE=isc_dsql_error
>
2020/06/12 10:45:16  Project name <prjWINPricing400> : Module name <clsDatabaseMngr> :Routine name <GetRs> : Local error message <Run time error. Can't get record set. SQL1 -> SELECT MAX(EWPI.DECLARE_COUNT) FROM EX_WORKS_PRICE_ITEM EWPI WHERE (EWP.EX_WORKS_PRICE_ID = 87) ASC  SQL2 -> SELECT COUNT(*)  FROM EX_WORKS_PRICE_ITEM EWPI WHERE (EWP.EX_WORKS_PRICE_ID = 87) > : System error message <Prepare:
SQLCODE=-206:
Dynamic SQL Error
SQL error code = -206
Column unknown
EWP.EX_WORKS_PRICE_ID
At line 1, column 59
IBCODE=isc_dsql_error
>
2020/06/12 10:45:20  Project name <prjWINPricing400> : Module name <clsDatabaseMngr> :Routine name <GetRs> : Local error message <Run time error. Can't get record set. SQL1 -> SELECT MAX(EWPI.DECLARE_COUNT) FROM EX_WORKS_PRICE_ITEM EWPI LEFT OUTER JOIN EX_WORKS_PRICE EWP ON (EWPI.EX_WORKS_PRICE_ID = EWP.EX_WORKS_PRICE_ID) WHERE (EWP.EX_WORKS_PRICE_ID = 87) ASC  SQL2 -> SELECT COUNT(*)  FROM EX_WORKS_PRICE_ITEM EWPI LEFT OUTER JOIN EX_WORKS_PRICE EWP ON (EWPI.EX_WORKS_PRICE_ID = EWP.EX_WORKS_PRICE_ID) WHERE (EWP.EX_WORKS_PRICE_ID = 87) > : System error message <Prepare:
SQLCODE=-104:
Dynamic SQL Error
SQL error code = -104
Token unknown - line 1, column 184
ASC
IBCODE=isc_dsql_error
>
2020/06/12 10:46:12  Project name <prjWINPricing400> : Module name <clsDatabaseMngr> :Routine name <GetRs> : Local error message <Run time error. Can't get record set. SQL1 -> SELECT MAX(EWPI.DECLARE_COUNT) FROM EX_WORKS_PRICE_ITEM EWPI LEFT OUTER JOIN EX_WORKS_PRICE EWP ON (EWPI.EX_WORKS_PRICE_ID = EWP.EX_WORKS_PRICE_ID) WHERE (EWP.EX_WORKS_PRICE_ID = 87) ASC  SQL2 -> SELECT COUNT(*)  FROM EX_WORKS_PRICE_ITEM EWPI LEFT OUTER JOIN EX_WORKS_PRICE EWP ON (EWPI.EX_WORKS_PRICE_ID = EWP.EX_WORKS_PRICE_ID) WHERE (EWP.EX_WORKS_PRICE_ID = 87) > : System error message <Prepare:
SQLCODE=-104:
Dynamic SQL Error
SQL error code = -104
Token unknown - line 1, column 184
ASC
IBCODE=isc_dsql_error
>
2020/06/12 15:16:07  Project name <prjWINPricing400> : Module name <clsDatabaseMngr> :Routine name <GetRs> : Local error message <Run time error. Can't get record set. SQL1 -> SELECT EWP.*, EWPI.*,PM.PART_MASTER_NAME, PI.PART_NO, PI.PART_DESC, PI.PART_TYPE,UA.USER_NAME MODIFY_NAME FROM EX_WORKS_PRICE_ITEM EWPI LEFT OUTER JOIN EX_WORKS_PRICE EWP ON (EWPI.EX_WORKS_PRICE_ID = EWP.EX_WORKS_PRICE_ID) LEFT OUTER JOIN PART_ITEM PI ON (EWPI.PART_ITEM_ID = PI.PART_ITEM_ID) LEFT OUTER JOIN PART_MASTER PM ON (PI.PART_MASTER_ID = PM.PART_MASTER_ID) WHERE (EWPI.EX_WORKS_PRICE_ID = 103) ORDER BY  PI.PART_TYPE ASC,PM.PART_MASTER_NAME,PART_NO ASC  SQL2 -> SELECT COUNT(*)  FROM EX_WORKS_PRICE_ITEM EWPI LEFT OUTER JOIN EX_WORKS_PRICE EWP ON (EWPI.EX_WORKS_PRICE_ID = EWP.EX_WORKS_PRICE_ID) LEFT OUTER JOIN PART_ITEM PI ON (EWPI.PART_ITEM_ID = PI.PART_ITEM_ID) LEFT OUTER JOIN PART_MASTER PM ON (PI.PART_MASTER_ID = PM.PART_MASTER_ID) WHERE (EWPI.EX_WORKS_PRICE_ID = 103) > : System error message <Prepare:
SQLCODE=-206:
Dynamic SQL Error
SQL error code = -206
Column unknown
UA.USER_NAME
At line 1, column 85
IBCODE=isc_dsql_error
>
2020/06/12 15:16:09  Project name <prjWINPricing400> : Module name <clsDaily> :Routine name <QueryExWorksPrice> : Local error message <Run time error. Can't get record set. SQL1 -> SELECT EWP.*, EWPI.*,PM.PART_MASTER_NAME, PI.PART_NO, PI.PART_DESC, PI.PART_TYPE,UA.USER_NAME MODIFY_NAME FROM EX_WORKS_PRICE_ITEM EWPI LEFT OUTER JOIN EX_WORKS_PRICE EWP ON (EWPI.EX_WORKS_PRICE_ID = EWP.EX_WORKS_PRICE_ID) LEFT OUTER JOIN PART_ITEM PI ON (EWPI.PART_ITEM_ID = PI.PART_ITEM_ID) LEFT OUTER JOIN PART_MASTER PM ON (PI.PART_MASTER_ID = PM.PART_MASTER_ID) WHERE (EWPI.EX_WORKS_PRICE_ID = 103) ORDER BY  PI.PART_TYPE ASC,PM.PART_MASTER_NAME,PART_NO ASC  SQL2 -> SELECT COUNT(*)  FROM EX_WORKS_PRICE_ITEM EWPI LEFT OUTER JOIN EX_WORKS_PRICE EWP ON (EWPI.EX_WORKS_PRICE_ID = EWP.EX_WORKS_PRICE_ID) LEFT OUTER JOIN PART_ITEM PI ON (EWPI.PART_ITEM_ID = PI.PART_ITEM_ID) LEFT OUTER JOIN PART_MASTER PM ON (PI.PART_MASTER_ID = PM.PART_MASTER_ID) WHERE (EWPI.EX_WORKS_PRICE_ID = 103) > : System error message <Operation is not allowed when the object is closed.>
2020/06/12 15:16:10  Project name <prjWINPricing400> : Module name <clsDaily> :Routine name <QueryExWorksPrice> : Local error message <Run time error. Can't get record set. SQL1 -> SELECT EWP.*, EWPI.*,PM.PART_MASTER_NAME, PI.PART_NO, PI.PART_DESC, PI.PART_TYPE,UA.USER_NAME MODIFY_NAME FROM EX_WORKS_PRICE_ITEM EWPI LEFT OUTER JOIN EX_WORKS_PRICE EWP ON (EWPI.EX_WORKS_PRICE_ID = EWP.EX_WORKS_PRICE_ID) LEFT OUTER JOIN PART_ITEM PI ON (EWPI.PART_ITEM_ID = PI.PART_ITEM_ID) LEFT OUTER JOIN PART_MASTER PM ON (PI.PART_MASTER_ID = PM.PART_MASTER_ID) WHERE (EWPI.EX_WORKS_PRICE_ID = 103) ORDER BY  PI.PART_TYPE ASC,PM.PART_MASTER_NAME,PART_NO ASC  SQL2 -> SELECT COUNT(*)  FROM EX_WORKS_PRICE_ITEM EWPI LEFT OUTER JOIN EX_WORKS_PRICE EWP ON (EWPI.EX_WORKS_PRICE_ID = EWP.EX_WORKS_PRICE_ID) LEFT OUTER JOIN PART_ITEM PI ON (EWPI.PART_ITEM_ID = PI.PART_ITEM_ID) LEFT OUTER JOIN PART_MASTER PM ON (PI.PART_MASTER_ID = PM.PART_MASTER_ID) WHERE (EWPI.EX_WORKS_PRICE_ID = 103) > : System error message <Operation is not allowed when the object is closed.>
2020/06/12 17:12:50  Project name <prjWINPricing400> : Module name <clsDatabaseMngr> :Routine name <GetRs> : Local error message <Run time error. Can't get record set. SQL1 -> SELECT MAX(EWPI.DECLARE_COUNT) DECLARE_COUNT FROM EX_WORKS_PRICE_ITEM EWPI WHERE (EDCI.EX_WORKS_PRICE_ID = 107)  SQL2 -> SELECT COUNT(*)  FROM EX_WORKS_PRICE_ITEM EWPI WHERE (EDCI.EX_WORKS_PRICE_ID = 107) > : System error message <Prepare:
SQLCODE=-206:
Dynamic SQL Error
SQL error code = -206
Column unknown
EDCI.EX_WORKS_PRICE_ID
At line 1, column 60
IBCODE=isc_dsql_error
>
2020/06/12 17:12:53  Project name <prjWINPricing400> : Module name <clsDatabaseMngr> :Routine name <GetRs> : Local error message <Run time error. Can't get record set. SQL1 -> SELECT MAX(EWPI.DECLARE_COUNT) DECLARE_COUNT FROM EX_WORKS_PRICE_ITEM EWPI WHERE (EDCI.EX_WORKS_PRICE_ID = 107)  SQL2 -> SELECT COUNT(*)  FROM EX_WORKS_PRICE_ITEM EWPI WHERE (EDCI.EX_WORKS_PRICE_ID = 107) > : System error message <Operation is not allowed when the object is closed.>
2020/06/12 17:13:08  Project name <prjWINPricing400> : Module name <clsDatabaseMngr> :Routine name <GetRs> : Local error message <Run time error. Can't get record set. SQL1 -> SELECT MAX(EWPI.DECLARE_COUNT) DECLARE_COUNT FROM EX_WORKS_PRICE_ITEM EWPI WHERE (EDCI.EX_WORKS_PRICE_ID = 107)  SQL2 -> SELECT COUNT(*)  FROM EX_WORKS_PRICE_ITEM EWPI WHERE (EDCI.EX_WORKS_PRICE_ID = 107) > : System error message <Prepare:
SQLCODE=-206:
Dynamic SQL Error
SQL error code = -206
Column unknown
EDCI.EX_WORKS_PRICE_ID
At line 1, column 60
IBCODE=isc_dsql_error
>
2020/06/12 17:13:09  Project name <prjWINPricing400> : Module name <clsDatabaseMngr> :Routine name <GetRs> : Local error message <Run time error. Can't get record set. SQL1 -> SELECT MAX(EWPI.DECLARE_COUNT) DECLARE_COUNT FROM EX_WORKS_PRICE_ITEM EWPI WHERE (EDCI.EX_WORKS_PRICE_ID = 107)  SQL2 -> SELECT COUNT(*)  FROM EX_WORKS_PRICE_ITEM EWPI WHERE (EDCI.EX_WORKS_PRICE_ID = 107) > : System error message <Operation is not allowed when the object is closed.>
2020/06/12 17:13:48  Project name <prjWINPricing400> : Module name <clsDatabaseMngr> :Routine name <GetRs> : Local error message <Run time error. Can't get record set. SQL1 -> SELECT MAX(EWPI.DECLARE_COUNT) DECLARE_COUNT FROM EX_WORKS_PRICE_ITEM EWPI WHERE (EDCI.EX_WORKS_PRICE_ID = 107)  SQL2 -> SELECT COUNT(*)  FROM EX_WORKS_PRICE_ITEM EWPI WHERE (EDCI.EX_WORKS_PRICE_ID = 107) > : System error message <Prepare:
SQLCODE=-206:
Dynamic SQL Error
SQL error code = -206
Column unknown
EDCI.EX_WORKS_PRICE_ID
At line 1, column 60
IBCODE=isc_dsql_error
>
2020/06/12 17:13:50  Project name <prjWINPricing400> : Module name <clsDatabaseMngr> :Routine name <GetRs> : Local error message <Run time error. Can't get record set. SQL1 -> SELECT MAX(EWPI.DECLARE_COUNT) DECLARE_COUNT FROM EX_WORKS_PRICE_ITEM EWPI WHERE (EDCI.EX_WORKS_PRICE_ID = 107)  SQL2 -> SELECT COUNT(*)  FROM EX_WORKS_PRICE_ITEM EWPI WHERE (EDCI.EX_WORKS_PRICE_ID = 107) > : System error message <Operation is not allowed when the object is closed.>
2020/06/12 17:14:09  Project name <prjWINPricing400> : Module name <clsDatabaseMngr> :Routine name <GetRs> : Local error message <Run time error. Can't get record set. SQL1 -> SELECT MAX(EWPI.DECLARE_COUNT) DECLARE_COUNT FROM EX_WORKS_PRICE_ITEM EWPI WHERE (EDCI.EX_WORKS_PRICE_ID = 107)  SQL2 -> SELECT COUNT(*)  FROM EX_WORKS_PRICE_ITEM EWPI WHERE (EDCI.EX_WORKS_PRICE_ID = 107) > : System error message <Prepare:
SQLCODE=-206:
Dynamic SQL Error
SQL error code = -206
Column unknown
EDCI.EX_WORKS_PRICE_ID
At line 1, column 60
IBCODE=isc_dsql_error
>
