2020/05/11 09:31:39  Project name <prjWINPricing400> : Module name <clsDatabaseMngr> :Routine name <ConnectDatabase> : Local error message <Runtime error.> : System error message <SQLCODE=-902:
database D:\DATABASE\GDB\WINPRICING400_MM.GDB shutdown
IBCODE=isc_shutdown
>
2020/05/11 09:31:42  Project name <prjWINPricing400> : Module name <clsDatabaseMngr> :Routine name <DisConnectDatabase> : Local error message <Runtime error.> : System error message <Operation is not allowed when the object is closed.>
2020/05/11 09:31:49  Project name <prjWINPricing400> : Module name <clsDatabaseMngr> :Routine name <ConnectDatabase> : Local error message <Runtime error.> : System error message <SQLCODE=-902:
database D:\DATABASE\GDB\WINPRICING400_MM.GDB shutdown
IBCODE=isc_shutdown
>
2020/05/11 09:32:20  Project name <prjWINPricing400> : Module name <clsDatabaseMngr> :Routine name <ConnectDatabase> : Local error message <Runtime error.> : System error message <SQLCODE=-902:
database D:\DATABASE\GDB\WINPRICING400_MM.GDB shutdown
IBCODE=isc_shutdown
>
2020/05/11 09:32:26  Project name <prjWINPricing400> : Module name <clsDatabaseMngr> :Routine name <DisConnectDatabase> : Local error message <Runtime error.> : System error message <Operation is not allowed when the object is closed.>
2020/05/11 09:34:37  Project name <prjWINPricing400> : Module name <clsDatabaseMngr> :Routine name <ConnectDatabase> : Local error message <Runtime error.> : System error message <SQLCODE=-902:
database D:\DATABASE\GDB\WINPRICING400_MM.GDB shutdown
IBCODE=isc_shutdown
>
2020/05/11 09:34:42  Project name <prjWINPricing400> : Module name <clsDatabaseMngr> :Routine name <DisConnectDatabase> : Local error message <Runtime error.> : System error message <Operation is not allowed when the object is closed.>
2020/05/11 09:34:47  Project name <prjWINPricing400> : Module name <clsDatabaseMngr> :Routine name <ConnectDatabase> : Local error message <Runtime error.> : System error message <SQLCODE=-902:
database D:\DATABASE\GDB\WINPRICING400_MM.GDB shutdown
IBCODE=isc_shutdown
>
2020/05/11 09:34:51  Project name <prjWINPricing400> : Module name <clsDatabaseMngr> :Routine name <DisConnectDatabase> : Local error message <Runtime error.> : System error message <Operation is not allowed when the object is closed.>
2020/05/11 15:11:21  Project name <prjWINPricing400> : Module name <clsDatabaseMngr> :Routine name <ConnectDatabase> : Local error message <Runtime error.> : System error message <SQLCODE=-902:
database D:\DATABASE\GDB\WINPRICING400_MM.GDB shutdown
IBCODE=isc_shutdown
>
2020/05/11 15:11:24  Project name <prjWINPricing400> : Module name <clsDatabaseMngr> :Routine name <DisConnectDatabase> : Local error message <Runtime error.> : System error message <Operation is not allowed when the object is closed.>
2020/05/11 15:11:34  Project name <prjWINPricing400> : Module name <clsDatabaseMngr> :Routine name <ConnectDatabase> : Local error message <Runtime error.> : System error message <SQLCODE=-902:
database D:\DATABASE\GDB\WINPRICING400_MM.GDB shutdown
IBCODE=isc_shutdown
>
2020/05/11 15:12:06  Project name <prjWINPricing400> : Module name <clsDatabaseMngr> :Routine name <ConnectDatabase> : Local error message <Runtime error.> : System error message <SQLCODE=-902:
database D:\DATABASE\GDB\WINPRICING400_MM.GDB shutdown
IBCODE=isc_shutdown
>
2020/05/11 15:12:08  Project name <prjWINPricing400> : Module name <clsDatabaseMngr> :Routine name <DisConnectDatabase> : Local error message <Runtime error.> : System error message <Operation is not allowed when the object is closed.>
