2020/06/04 09:32:56  Project name <prjWINPricing400> : Module name <clsDatabaseMngr> :Routine name <GetRs> : Local error message <Run time error. Can't get record set. SQL1 -> SELECT EWP.* FROM EX_WORKS_PRICE  EWP WHERE (EWP.EX_WORKS_PRICE_ID = 76) AND (EWP.EX_WORKS_PRICE_LEVEL = 'Y') AND (EWP.EX_WORKS_PRICE_TYPE = 1) AND (EWP.EX_WORKS_PRICE_CODE = 'P0053***')AND (EWP.EX_WORKS_PRICE_DESC = 'COPY 04/06/2563 08:54:07')AND (EWP.EX_WORKS_PRICE_DATE >= '2020-06-01 00:00:00')AND (EWP.FROM_ACTIVE_DATE >= '2020-06-01 00:00:00')AND (EWP.TO_VALID_DATE <= '2020-06-30 00:00:00')AND (EWPI.APPROVED_FLAG = 'N') ORDER BY EWP.EX_WORKS_PRICE_CODE  DESC  SQL2 -> SELECT COUNT(*)  FROM EX_WORKS_PRICE  EWP WHERE (EWP.EX_WORKS_PRICE_ID = 76) AND (EWP.EX_WORKS_PRICE_LEVEL = 'Y') AND (EWP.EX_WORKS_PRICE_TYPE = 1) AND (EWP.EX_WORKS_PRICE_CODE = 'P0053***')AND (EWP.EX_WORKS_PRICE_DESC = 'COPY 04/06/2563 08:54:07')AND (EWP.EX_WORKS_PRICE_DATE >= '2020-06-01 00:00:00')AND (EWP.FROM_ACTIVE_DATE >= '2020-06-01 00:00:00')AND (EWP.TO_VALID_DATE <= '2020-06-30 00:00:00')AND (EWPI.APPROVED_FLAG = 'N') > : System error message <Prepare:
SQLCODE=-206:
Dynamic SQL Error
SQL error code = -206
Column unknown
EWPI.APPROVED_FLAG
At line 1, column 412
IBCODE=isc_dsql_error
>
2020/06/04 09:33:01  Project name <prjWINPricing400> : Module name <clsDatabaseMngr> :Routine name <GetRs> : Local error message <Run time error. Can't get record set. SQL1 -> SELECT EWP.* FROM EX_WORKS_PRICE  EWP WHERE (EWP.EX_WORKS_PRICE_ID = 76) AND (EWP.EX_WORKS_PRICE_LEVEL = 'Y') AND (EWP.EX_WORKS_PRICE_TYPE = 1) AND (EWP.EX_WORKS_PRICE_CODE = 'P0053***')AND (EWP.EX_WORKS_PRICE_DESC = 'COPY 04/06/2563 08:54:07')AND (EWP.EX_WORKS_PRICE_DATE >= '2020-06-01 00:00:00')AND (EWP.FROM_ACTIVE_DATE >= '2020-06-01 00:00:00')AND (EWP.TO_VALID_DATE <= '2020-06-30 00:00:00')AND (EWPI.APPROVED_FLAG = 'N') ORDER BY EWP.EX_WORKS_PRICE_CODE  DESC  SQL2 -> SELECT COUNT(*)  FROM EX_WORKS_PRICE  EWP WHERE (EWP.EX_WORKS_PRICE_ID = 76) AND (EWP.EX_WORKS_PRICE_LEVEL = 'Y') AND (EWP.EX_WORKS_PRICE_TYPE = 1) AND (EWP.EX_WORKS_PRICE_CODE = 'P0053***')AND (EWP.EX_WORKS_PRICE_DESC = 'COPY 04/06/2563 08:54:07')AND (EWP.EX_WORKS_PRICE_DATE >= '2020-06-01 00:00:00')AND (EWP.FROM_ACTIVE_DATE >= '2020-06-01 00:00:00')AND (EWP.TO_VALID_DATE <= '2020-06-30 00:00:00')AND (EWPI.APPROVED_FLAG = 'N') > : System error message <Prepare:
SQLCODE=-206:
Dynamic SQL Error
SQL error code = -206
Column unknown
EWPI.APPROVED_FLAG
At line 1, column 412
IBCODE=isc_dsql_error
>
2020/06/04 09:33:09  Project name <prjWINPricing400> : Module name <clsDatabaseMngr> :Routine name <GetRs> : Local error message <Run time error. Can't get record set. SQL1 -> SELECT EWP.* FROM EX_WORKS_PRICE  EWP WHERE (EWP.EX_WORKS_PRICE_ID = 76) AND (EWP.EX_WORKS_PRICE_LEVEL = 'Y') AND (EWP.EX_WORKS_PRICE_TYPE = 1) AND (EWP.EX_WORKS_PRICE_CODE = 'P0053***')AND (EWP.EX_WORKS_PRICE_DESC = 'COPY 04/06/2563 08:54:07')AND (EWP.EX_WORKS_PRICE_DATE >= '2020-06-01 00:00:00')AND (EWP.FROM_ACTIVE_DATE >= '2020-06-01 00:00:00')AND (EWP.TO_VALID_DATE <= '2020-06-30 00:00:00')AND (EWPI.APPROVED_FLAG = 'N') ORDER BY EWP.EX_WORKS_PRICE_CODE  DESC  SQL2 -> SELECT COUNT(*)  FROM EX_WORKS_PRICE  EWP WHERE (EWP.EX_WORKS_PRICE_ID = 76) AND (EWP.EX_WORKS_PRICE_LEVEL = 'Y') AND (EWP.EX_WORKS_PRICE_TYPE = 1) AND (EWP.EX_WORKS_PRICE_CODE = 'P0053***')AND (EWP.EX_WORKS_PRICE_DESC = 'COPY 04/06/2563 08:54:07')AND (EWP.EX_WORKS_PRICE_DATE >= '2020-06-01 00:00:00')AND (EWP.FROM_ACTIVE_DATE >= '2020-06-01 00:00:00')AND (EWP.TO_VALID_DATE <= '2020-06-30 00:00:00')AND (EWPI.APPROVED_FLAG = 'N') > : System error message <Prepare:
SQLCODE=-206:
Dynamic SQL Error
SQL error code = -206
Column unknown
EWPI.APPROVED_FLAG
At line 1, column 412
IBCODE=isc_dsql_error
>
2020/06/04 09:33:54  Project name <prjWINPricing400> : Module name <clsDatabaseMngr> :Routine name <GetRs> : Local error message <Run time error. Can't get record set. SQL1 -> SELECT EWP.* FROM EX_WORKS_PRICE  EWP WHERE (EWP.EX_WORKS_PRICE_ID = 76) AND (EWP.EX_WORKS_PRICE_LEVEL = 'Y') AND (EWP.EX_WORKS_PRICE_TYPE = 1) AND (EWP.EX_WORKS_PRICE_CODE = 'P0053***')AND (EWP.EX_WORKS_PRICE_DESC = 'COPY 04/06/2563 08:54:07')AND (EWP.EX_WORKS_PRICE_DATE >= '2020-06-01 00:00:00')AND (EWP.FROM_ACTIVE_DATE >= '2020-06-01 00:00:00')AND (EWP.TO_VALID_DATE <= '2020-06-30 00:00:00')AND (EWPI.APPROVED_FLAG = 'N') ORDER BY EWP.EX_WORKS_PRICE_CODE  DESC  SQL2 -> SELECT COUNT(*)  FROM EX_WORKS_PRICE  EWP WHERE (EWP.EX_WORKS_PRICE_ID = 76) AND (EWP.EX_WORKS_PRICE_LEVEL = 'Y') AND (EWP.EX_WORKS_PRICE_TYPE = 1) AND (EWP.EX_WORKS_PRICE_CODE = 'P0053***')AND (EWP.EX_WORKS_PRICE_DESC = 'COPY 04/06/2563 08:54:07')AND (EWP.EX_WORKS_PRICE_DATE >= '2020-06-01 00:00:00')AND (EWP.FROM_ACTIVE_DATE >= '2020-06-01 00:00:00')AND (EWP.TO_VALID_DATE <= '2020-06-30 00:00:00')AND (EWPI.APPROVED_FLAG = 'N') > : System error message <Prepare:
SQLCODE=-206:
Dynamic SQL Error
SQL error code = -206
Column unknown
EWPI.APPROVED_FLAG
At line 1, column 412
IBCODE=isc_dsql_error
>
2020/06/04 09:34:26  Project name <prjWINPricing400> : Module name <clsDatabaseMngr> :Routine name <GetRs> : Local error message <Run time error. Can't get record set. SQL1 -> SELECT EWP.* FROM EX_WORKS_PRICE  EWP WHERE (EWP.EX_WORKS_PRICE_ID = 76) AND (EWP.EX_WORKS_PRICE_LEVEL = 'Y') AND (EWP.EX_WORKS_PRICE_TYPE = 1) AND (EWP.EX_WORKS_PRICE_CODE = 'P0053***')AND (EWP.EX_WORKS_PRICE_DESC = 'COPY 04/06/2563 08:54:07')AND (EWP.EX_WORKS_PRICE_DATE >= '2020-06-01 00:00:00')AND (EWP.FROM_ACTIVE_DATE >= '2020-06-01 00:00:00')AND (EWP.TO_VALID_DATE <= '2020-06-30 00:00:00')AND (EWPI.APPROVED_FLAG = 'N') ORDER BY EWP.EX_WORKS_PRICE_CODE  DESC  SQL2 -> SELECT COUNT(*)  FROM EX_WORKS_PRICE  EWP WHERE (EWP.EX_WORKS_PRICE_ID = 76) AND (EWP.EX_WORKS_PRICE_LEVEL = 'Y') AND (EWP.EX_WORKS_PRICE_TYPE = 1) AND (EWP.EX_WORKS_PRICE_CODE = 'P0053***')AND (EWP.EX_WORKS_PRICE_DESC = 'COPY 04/06/2563 08:54:07')AND (EWP.EX_WORKS_PRICE_DATE >= '2020-06-01 00:00:00')AND (EWP.FROM_ACTIVE_DATE >= '2020-06-01 00:00:00')AND (EWP.TO_VALID_DATE <= '2020-06-30 00:00:00')AND (EWPI.APPROVED_FLAG = 'N') > : System error message <Prepare:
SQLCODE=-206:
Dynamic SQL Error
SQL error code = -206
Column unknown
EWPI.APPROVED_FLAG
At line 1, column 412
IBCODE=isc_dsql_error
>
2020/06/04 09:34:33  Project name <prjWINPricing400> : Module name <clsDatabaseMngr> :Routine name <GetRs> : Local error message <Run time error. Can't get record set. SQL1 -> SELECT EWP.* FROM EX_WORKS_PRICE  EWP WHERE (EWP.EX_WORKS_PRICE_ID = 76) AND (EWP.EX_WORKS_PRICE_LEVEL = 'Y') AND (EWP.EX_WORKS_PRICE_TYPE = 1) AND (EWP.EX_WORKS_PRICE_CODE = 'P0053***')AND (EWP.EX_WORKS_PRICE_DESC = 'COPY 04/06/2563 08:54:07')AND (EWP.EX_WORKS_PRICE_DATE >= '2020-06-01 00:00:00')AND (EWP.FROM_ACTIVE_DATE >= '2020-06-01 00:00:00')AND (EWP.TO_VALID_DATE <= '2020-06-30 00:00:00')AND (EWPI.APPROVED_FLAG = 'N') ORDER BY EWP.EX_WORKS_PRICE_CODE  DESC  SQL2 -> SELECT COUNT(*)  FROM EX_WORKS_PRICE  EWP WHERE (EWP.EX_WORKS_PRICE_ID = 76) AND (EWP.EX_WORKS_PRICE_LEVEL = 'Y') AND (EWP.EX_WORKS_PRICE_TYPE = 1) AND (EWP.EX_WORKS_PRICE_CODE = 'P0053***')AND (EWP.EX_WORKS_PRICE_DESC = 'COPY 04/06/2563 08:54:07')AND (EWP.EX_WORKS_PRICE_DATE >= '2020-06-01 00:00:00')AND (EWP.FROM_ACTIVE_DATE >= '2020-06-01 00:00:00')AND (EWP.TO_VALID_DATE <= '2020-06-30 00:00:00')AND (EWPI.APPROVED_FLAG = 'N') > : System error message <Prepare:
SQLCODE=-206:
Dynamic SQL Error
SQL error code = -206
Column unknown
EWPI.APPROVED_FLAG
At line 1, column 412
IBCODE=isc_dsql_error
>
2020/06/04 09:36:06  Project name <prjWINPricing400> : Module name <clsDatabaseMngr> :Routine name <GetRs> : Local error message <Run time error. Can't get record set. SQL1 -> SELECT EWP.* FROM EX_WORKS_PRICE  EWP WHERE (EWP.EX_WORKS_PRICE_ID = 76) AND (EWP.EX_WORKS_PRICE_LEVEL = 'Y') AND (EWP.EX_WORKS_PRICE_TYPE = 1) AND (EWP.EX_WORKS_PRICE_CODE = 'P0053***')AND (EWP.EX_WORKS_PRICE_DESC = 'COPY 04/06/2563 08:54:07')AND (EWP.EX_WORKS_PRICE_DATE >= '2020-06-01 00:00:00')AND (EWP.FROM_ACTIVE_DATE >= '2020-06-01 00:00:00')AND (EWP.TO_VALID_DATE <= '2020-06-30 00:00:00')AND (EWPI.APPROVED_FLAG = 'N') ORDER BY EWP.EX_WORKS_PRICE_CODE  DESC  SQL2 -> SELECT COUNT(*)  FROM EX_WORKS_PRICE  EWP WHERE (EWP.EX_WORKS_PRICE_ID = 76) AND (EWP.EX_WORKS_PRICE_LEVEL = 'Y') AND (EWP.EX_WORKS_PRICE_TYPE = 1) AND (EWP.EX_WORKS_PRICE_CODE = 'P0053***')AND (EWP.EX_WORKS_PRICE_DESC = 'COPY 04/06/2563 08:54:07')AND (EWP.EX_WORKS_PRICE_DATE >= '2020-06-01 00:00:00')AND (EWP.FROM_ACTIVE_DATE >= '2020-06-01 00:00:00')AND (EWP.TO_VALID_DATE <= '2020-06-30 00:00:00')AND (EWPI.APPROVED_FLAG = 'N') > : System error message <Prepare:
SQLCODE=-206:
Dynamic SQL Error
SQL error code = -206
Column unknown
EWPI.APPROVED_FLAG
At line 1, column 412
IBCODE=isc_dsql_error
>
2020/06/04 09:36:32  Project name <prjWINPricing400> : Module name <clsDatabaseMngr> :Routine name <GetRs> : Local error message <Run time error. Can't get record set. SQL1 -> SELECT EWP.* FROM EX_WORKS_PRICE  EWP WHERE (EWP.EX_WORKS_PRICE_ID = 76) AND (EWP.EX_WORKS_PRICE_LEVEL = 'Y') AND (EWP.EX_WORKS_PRICE_TYPE = 1) AND (EWP.EX_WORKS_PRICE_CODE = 'P0053***')AND (EWP.EX_WORKS_PRICE_DESC = 'COPY 04/06/2563 08:54:07')AND (EWP.EX_WORKS_PRICE_DATE >= '2020-06-01 00:00:00')AND (EWP.FROM_ACTIVE_DATE >= '2020-06-01 00:00:00')AND (EWP.TO_VALID_DATE <= '2020-06-30 00:00:00')AND (EWPI.APPROVED_FLAG = 'N') ORDER BY EWP.EX_WORKS_PRICE_CODE  DESC  SQL2 -> SELECT COUNT(*)  FROM EX_WORKS_PRICE  EWP WHERE (EWP.EX_WORKS_PRICE_ID = 76) AND (EWP.EX_WORKS_PRICE_LEVEL = 'Y') AND (EWP.EX_WORKS_PRICE_TYPE = 1) AND (EWP.EX_WORKS_PRICE_CODE = 'P0053***')AND (EWP.EX_WORKS_PRICE_DESC = 'COPY 04/06/2563 08:54:07')AND (EWP.EX_WORKS_PRICE_DATE >= '2020-06-01 00:00:00')AND (EWP.FROM_ACTIVE_DATE >= '2020-06-01 00:00:00')AND (EWP.TO_VALID_DATE <= '2020-06-30 00:00:00')AND (EWPI.APPROVED_FLAG = 'N') > : System error message <Prepare:
SQLCODE=-206:
Dynamic SQL Error
SQL error code = -206
Column unknown
EWPI.APPROVED_FLAG
At line 1, column 412
IBCODE=isc_dsql_error
>
2020/06/04 09:37:27  Project name <prjWINPricing400> : Module name <clsDatabaseMngr> :Routine name <GetRs> : Local error message <Run time error. Can't get record set. SQL1 -> SELECT EWP.* FROM EX_WORKS_PRICE  EWP WHERE (EWP.EX_WORKS_PRICE_ID = 76) AND (EWP.EX_WORKS_PRICE_LEVEL = 'Y') AND (EWP.EX_WORKS_PRICE_TYPE = 1) AND (EWP.EX_WORKS_PRICE_CODE = 'P0053***')AND (EWP.EX_WORKS_PRICE_DESC = 'COPY 04/06/2563 08:54:07')AND (EWP.EX_WORKS_PRICE_DATE >= '2020-06-01 00:00:00')AND (EWP.FROM_ACTIVE_DATE >= '2020-06-01 00:00:00')AND (EWP.TO_VALID_DATE <= '2020-06-30 00:00:00')AND (EWPI.APPROVED_FLAG = 'N') ORDER BY EWP.EX_WORKS_PRICE_CODE  DESC  SQL2 -> SELECT COUNT(*)  FROM EX_WORKS_PRICE  EWP WHERE (EWP.EX_WORKS_PRICE_ID = 76) AND (EWP.EX_WORKS_PRICE_LEVEL = 'Y') AND (EWP.EX_WORKS_PRICE_TYPE = 1) AND (EWP.EX_WORKS_PRICE_CODE = 'P0053***')AND (EWP.EX_WORKS_PRICE_DESC = 'COPY 04/06/2563 08:54:07')AND (EWP.EX_WORKS_PRICE_DATE >= '2020-06-01 00:00:00')AND (EWP.FROM_ACTIVE_DATE >= '2020-06-01 00:00:00')AND (EWP.TO_VALID_DATE <= '2020-06-30 00:00:00')AND (EWPI.APPROVED_FLAG = 'N') > : System error message <Prepare:
SQLCODE=-206:
Dynamic SQL Error
SQL error code = -206
Column unknown
EWPI.APPROVED_FLAG
At line 1, column 412
IBCODE=isc_dsql_error
>
2020/06/04 10:34:10  Project name <prjWINPricing400> : Module name <frmAddEditExWorksPrice> :Routine name <UnboundReadData> : Local error message <> : System error message <Object variable or With block variable not set>
2020/06/04 10:34:13  Project name <prjWINPricing400> : Module name <frmAddEditExWorksPrice> :Routine name <UnboundReadData> : Local error message <> : System error message <Object variable or With block variable not set>
2020/06/04 10:35:49  Project name <prjWINPricing400> : Module name <frmAddEditExWorksPrice> :Routine name <UnboundReadData> : Local error message <> : System error message <Object variable or With block variable not set>
2020/06/04 10:35:51  Project name <prjWINPricing400> : Module name <frmAddEditExWorksPrice> :Routine name <UnboundReadData> : Local error message <> : System error message <Object variable or With block variable not set>
2020/06/04 10:35:55  Project name <prjWINPricing400> : Module name <frmAddEditExWorksPrice> :Routine name <UnboundReadData> : Local error message <> : System error message <Object variable or With block variable not set>
2020/06/04 10:35:57  Project name <prjWINPricing400> : Module name <frmAddEditExWorksPrice> :Routine name <UnboundReadData> : Local error message <> : System error message <Object variable or With block variable not set>
2020/06/04 10:36:08  Project name <prjWINPricing400> : Module name <frmAddEditExWorksPrice> :Routine name <UnboundReadData> : Local error message <> : System error message <Object variable or With block variable not set>
2020/06/04 10:36:10  Project name <prjWINPricing400> : Module name <frmAddEditExWorksPrice> :Routine name <UnboundReadData> : Local error message <> : System error message <Object variable or With block variable not set>
2020/06/04 10:36:14  Project name <prjWINPricing400> : Module name <frmAddEditExWorksPrice> :Routine name <UnboundReadData> : Local error message <> : System error message <Object variable or With block variable not set>
2020/06/04 10:36:15  Project name <prjWINPricing400> : Module name <frmAddEditExWorksPrice> :Routine name <UnboundReadData> : Local error message <> : System error message <Object variable or With block variable not set>
2020/06/04 10:36:21  Project name <prjWINPricing400> : Module name <frmAddEditExWorksPrice> :Routine name <UnboundReadData> : Local error message <> : System error message <Object variable or With block variable not set>
2020/06/04 10:47:55  Project name <prjWINPricing400> : Module name <frmAddEditExWorksPrice> :Routine name <UnboundReadData> : Local error message <> : System error message <Object variable or With block variable not set>
2020/06/04 16:06:14  Project name <prjWINPricing400> : Module name <clsDatabaseMngr> :Routine name <GetRs> : Local error message <Run time error. Can't get record set. SQL1 -> SELECT EWP.*, EPPI.*, PI.PART_NO, PI.PART_DESC, PI.PART_TYPE, CM.CUSTOMER_ID, CM.CUSTOMER_CODE, NM.LONG_NAME CUSTOMER_NAME  FROM EX_PROMOTION_PART_ITEM EPPI LEFT OUTER JOIN EX_WORKS_PRICE EWP ON (EPPI.EX_WORKS_PRICE_ID = EWP.EX_WORKS_PRICE_ID) LEFT OUTER JOIN PART_ITEM PI ON (EPPI.PART_ITEM_ID = PI.PART_ITEM_ID) LEFT OUTER JOIN CUSTOMER CM ON (EPPI.CUSTOMER_ID = CM.CUSTOMER_ID) LEFT OUTER JOIN CUSTOMER_NAME CN ON (CM.CUSTOMER_ID = CN.CUSTOMER_ID) LEFT OUTER JOIN NAME NM ON (CN.NAME_ID = NM.NAME_ID) WHERE (EPPI.EX_WORKS_PRICE_ID = 94) AND (EWPI.VERIFY_FLAG = 'N')ORDER BY  PI.PART_NO ASC  SQL2 -> SELECT COUNT(*)  FROM EX_PROMOTION_PART_ITEM EPPI LEFT OUTER JOIN EX_WORKS_PRICE EWP ON (EPPI.EX_WORKS_PRICE_ID = EWP.EX_WORKS_PRICE_ID) LEFT OUTER JOIN PART_ITEM PI ON (EPPI.PART_ITEM_ID = PI.PART_ITEM_ID) LEFT OUTER JOIN CUSTOMER CM ON (EPPI.CUSTOMER_ID = CM.CUSTOMER_ID) LEFT OUTER JOIN CUSTOMER_NAME CN ON (CM.CUSTOMER_ID = CN.CUSTOMER_ID) LEFT OUTER JOIN NAME NM ON (CN.NAME_ID = NM.NAME_ID) WHERE (EPPI.EX_WORKS_PRICE_ID = 94) AND (EWPI.VERIFY_FLAG = 'N')> : System error message <Prepare:
SQLCODE=-206:
Dynamic SQL Error
SQL error code = -206
Column unknown
EWPI.VERIFY_FLAG
At line 1, column 444
IBCODE=isc_dsql_error
>
2020/06/04 16:06:15  Project name <prjWINPricing400> : Module name <clsDaily> :Routine name <QueryExWorksPrice> : Local error message <Run time error. Can't get record set. SQL1 -> SELECT EWP.*, EPPI.*, PI.PART_NO, PI.PART_DESC, PI.PART_TYPE, CM.CUSTOMER_ID, CM.CUSTOMER_CODE, NM.LONG_NAME CUSTOMER_NAME  FROM EX_PROMOTION_PART_ITEM EPPI LEFT OUTER JOIN EX_WORKS_PRICE EWP ON (EPPI.EX_WORKS_PRICE_ID = EWP.EX_WORKS_PRICE_ID) LEFT OUTER JOIN PART_ITEM PI ON (EPPI.PART_ITEM_ID = PI.PART_ITEM_ID) LEFT OUTER JOIN CUSTOMER CM ON (EPPI.CUSTOMER_ID = CM.CUSTOMER_ID) LEFT OUTER JOIN CUSTOMER_NAME CN ON (CM.CUSTOMER_ID = CN.CUSTOMER_ID) LEFT OUTER JOIN NAME NM ON (CN.NAME_ID = NM.NAME_ID) WHERE (EPPI.EX_WORKS_PRICE_ID = 94) AND (EWPI.VERIFY_FLAG = 'N')ORDER BY  PI.PART_NO ASC  SQL2 -> SELECT COUNT(*)  FROM EX_PROMOTION_PART_ITEM EPPI LEFT OUTER JOIN EX_WORKS_PRICE EWP ON (EPPI.EX_WORKS_PRICE_ID = EWP.EX_WORKS_PRICE_ID) LEFT OUTER JOIN PART_ITEM PI ON (EPPI.PART_ITEM_ID = PI.PART_ITEM_ID) LEFT OUTER JOIN CUSTOMER CM ON (EPPI.CUSTOMER_ID = CM.CUSTOMER_ID) LEFT OUTER JOIN CUSTOMER_NAME CN ON (CM.CUSTOMER_ID = CN.CUSTOMER_ID) LEFT OUTER JOIN NAME NM ON (CN.NAME_ID = NM.NAME_ID) WHERE (EPPI.EX_WORKS_PRICE_ID = 94) AND (EWPI.VERIFY_FLAG = 'N')> : System error message <Operation is not allowed when the object is closed.>
2020/06/04 16:06:16  Project name <prjWINPricing400> : Module name <clsDaily> :Routine name <QueryExWorksPrice> : Local error message <Run time error. Can't get record set. SQL1 -> SELECT EWP.*, EPPI.*, PI.PART_NO, PI.PART_DESC, PI.PART_TYPE, CM.CUSTOMER_ID, CM.CUSTOMER_CODE, NM.LONG_NAME CUSTOMER_NAME  FROM EX_PROMOTION_PART_ITEM EPPI LEFT OUTER JOIN EX_WORKS_PRICE EWP ON (EPPI.EX_WORKS_PRICE_ID = EWP.EX_WORKS_PRICE_ID) LEFT OUTER JOIN PART_ITEM PI ON (EPPI.PART_ITEM_ID = PI.PART_ITEM_ID) LEFT OUTER JOIN CUSTOMER CM ON (EPPI.CUSTOMER_ID = CM.CUSTOMER_ID) LEFT OUTER JOIN CUSTOMER_NAME CN ON (CM.CUSTOMER_ID = CN.CUSTOMER_ID) LEFT OUTER JOIN NAME NM ON (CN.NAME_ID = NM.NAME_ID) WHERE (EPPI.EX_WORKS_PRICE_ID = 94) AND (EWPI.VERIFY_FLAG = 'N')ORDER BY  PI.PART_NO ASC  SQL2 -> SELECT COUNT(*)  FROM EX_PROMOTION_PART_ITEM EPPI LEFT OUTER JOIN EX_WORKS_PRICE EWP ON (EPPI.EX_WORKS_PRICE_ID = EWP.EX_WORKS_PRICE_ID) LEFT OUTER JOIN PART_ITEM PI ON (EPPI.PART_ITEM_ID = PI.PART_ITEM_ID) LEFT OUTER JOIN CUSTOMER CM ON (EPPI.CUSTOMER_ID = CM.CUSTOMER_ID) LEFT OUTER JOIN CUSTOMER_NAME CN ON (CM.CUSTOMER_ID = CN.CUSTOMER_ID) LEFT OUTER JOIN NAME NM ON (CN.NAME_ID = NM.NAME_ID) WHERE (EPPI.EX_WORKS_PRICE_ID = 94) AND (EWPI.VERIFY_FLAG = 'N')> : System error message <Operation is not allowed when the object is closed.>
2020/06/04 16:06:18  Project name <prjWINPricing400> : Module name <clsDatabaseMngr> :Routine name <GetRs> : Local error message <Run time error. Can't get record set. SQL1 -> SELECT EWP.*, EPPI.*, PI.PART_NO, PI.PART_DESC, PI.PART_TYPE, CM.CUSTOMER_ID, CM.CUSTOMER_CODE, NM.LONG_NAME CUSTOMER_NAME  FROM EX_PROMOTION_PART_ITEM EPPI LEFT OUTER JOIN EX_WORKS_PRICE EWP ON (EPPI.EX_WORKS_PRICE_ID = EWP.EX_WORKS_PRICE_ID) LEFT OUTER JOIN PART_ITEM PI ON (EPPI.PART_ITEM_ID = PI.PART_ITEM_ID) LEFT OUTER JOIN CUSTOMER CM ON (EPPI.CUSTOMER_ID = CM.CUSTOMER_ID) LEFT OUTER JOIN CUSTOMER_NAME CN ON (CM.CUSTOMER_ID = CN.CUSTOMER_ID) LEFT OUTER JOIN NAME NM ON (CN.NAME_ID = NM.NAME_ID) WHERE (EPPI.EX_WORKS_PRICE_ID = 94) AND (EWPI.VERIFY_FLAG = 'Y')AND (EWPI.APPROVED_FLAG = 'N')ORDER BY  PI.PART_NO ASC  SQL2 -> SELECT COUNT(*)  FROM EX_PROMOTION_PART_ITEM EPPI LEFT OUTER JOIN EX_WORKS_PRICE EWP ON (EPPI.EX_WORKS_PRICE_ID = EWP.EX_WORKS_PRICE_ID) LEFT OUTER JOIN PART_ITEM PI ON (EPPI.PART_ITEM_ID = PI.PART_ITEM_ID) LEFT OUTER JOIN CUSTOMER CM ON (EPPI.CUSTOMER_ID = CM.CUSTOMER_ID) LEFT OUTER JOIN CUSTOMER_NAME CN ON (CM.CUSTOMER_ID = CN.CUSTOMER_ID) LEFT OUTER JOIN NAME NM ON (CN.NAME_ID = NM.NAME_ID) WHERE (EPPI.EX_WORKS_PRICE_ID = 94) AND (EWPI.VERIFY_FLAG = 'Y')AND (EWPI.APPROVED_FLAG = 'N')> : System error message <Prepare:
SQLCODE=-206:
Dynamic SQL Error
SQL error code = -206
Column unknown
EWPI.VERIFY_FLAG
At line 1, column 444
IBCODE=isc_dsql_error
>
2020/06/04 16:06:19  Project name <prjWINPricing400> : Module name <clsDaily> :Routine name <QueryExWorksPrice> : Local error message <Run time error. Can't get record set. SQL1 -> SELECT EWP.*, EPPI.*, PI.PART_NO, PI.PART_DESC, PI.PART_TYPE, CM.CUSTOMER_ID, CM.CUSTOMER_CODE, NM.LONG_NAME CUSTOMER_NAME  FROM EX_PROMOTION_PART_ITEM EPPI LEFT OUTER JOIN EX_WORKS_PRICE EWP ON (EPPI.EX_WORKS_PRICE_ID = EWP.EX_WORKS_PRICE_ID) LEFT OUTER JOIN PART_ITEM PI ON (EPPI.PART_ITEM_ID = PI.PART_ITEM_ID) LEFT OUTER JOIN CUSTOMER CM ON (EPPI.CUSTOMER_ID = CM.CUSTOMER_ID) LEFT OUTER JOIN CUSTOMER_NAME CN ON (CM.CUSTOMER_ID = CN.CUSTOMER_ID) LEFT OUTER JOIN NAME NM ON (CN.NAME_ID = NM.NAME_ID) WHERE (EPPI.EX_WORKS_PRICE_ID = 94) AND (EWPI.VERIFY_FLAG = 'Y')AND (EWPI.APPROVED_FLAG = 'N')ORDER BY  PI.PART_NO ASC  SQL2 -> SELECT COUNT(*)  FROM EX_PROMOTION_PART_ITEM EPPI LEFT OUTER JOIN EX_WORKS_PRICE EWP ON (EPPI.EX_WORKS_PRICE_ID = EWP.EX_WORKS_PRICE_ID) LEFT OUTER JOIN PART_ITEM PI ON (EPPI.PART_ITEM_ID = PI.PART_ITEM_ID) LEFT OUTER JOIN CUSTOMER CM ON (EPPI.CUSTOMER_ID = CM.CUSTOMER_ID) LEFT OUTER JOIN CUSTOMER_NAME CN ON (CM.CUSTOMER_ID = CN.CUSTOMER_ID) LEFT OUTER JOIN NAME NM ON (CN.NAME_ID = NM.NAME_ID) WHERE (EPPI.EX_WORKS_PRICE_ID = 94) AND (EWPI.VERIFY_FLAG = 'Y')AND (EWPI.APPROVED_FLAG = 'N')> : System error message <Operation is not allowed when the object is closed.>
2020/06/04 16:06:20  Project name <prjWINPricing400> : Module name <clsDaily> :Routine name <QueryExWorksPrice> : Local error message <Run time error. Can't get record set. SQL1 -> SELECT EWP.*, EPPI.*, PI.PART_NO, PI.PART_DESC, PI.PART_TYPE, CM.CUSTOMER_ID, CM.CUSTOMER_CODE, NM.LONG_NAME CUSTOMER_NAME  FROM EX_PROMOTION_PART_ITEM EPPI LEFT OUTER JOIN EX_WORKS_PRICE EWP ON (EPPI.EX_WORKS_PRICE_ID = EWP.EX_WORKS_PRICE_ID) LEFT OUTER JOIN PART_ITEM PI ON (EPPI.PART_ITEM_ID = PI.PART_ITEM_ID) LEFT OUTER JOIN CUSTOMER CM ON (EPPI.CUSTOMER_ID = CM.CUSTOMER_ID) LEFT OUTER JOIN CUSTOMER_NAME CN ON (CM.CUSTOMER_ID = CN.CUSTOMER_ID) LEFT OUTER JOIN NAME NM ON (CN.NAME_ID = NM.NAME_ID) WHERE (EPPI.EX_WORKS_PRICE_ID = 94) AND (EWPI.VERIFY_FLAG = 'Y')AND (EWPI.APPROVED_FLAG = 'N')ORDER BY  PI.PART_NO ASC  SQL2 -> SELECT COUNT(*)  FROM EX_PROMOTION_PART_ITEM EPPI LEFT OUTER JOIN EX_WORKS_PRICE EWP ON (EPPI.EX_WORKS_PRICE_ID = EWP.EX_WORKS_PRICE_ID) LEFT OUTER JOIN PART_ITEM PI ON (EPPI.PART_ITEM_ID = PI.PART_ITEM_ID) LEFT OUTER JOIN CUSTOMER CM ON (EPPI.CUSTOMER_ID = CM.CUSTOMER_ID) LEFT OUTER JOIN CUSTOMER_NAME CN ON (CM.CUSTOMER_ID = CN.CUSTOMER_ID) LEFT OUTER JOIN NAME NM ON (CN.NAME_ID = NM.NAME_ID) WHERE (EPPI.EX_WORKS_PRICE_ID = 94) AND (EWPI.VERIFY_FLAG = 'Y')AND (EWPI.APPROVED_FLAG = 'N')> : System error message <Operation is not allowed when the object is closed.>
2020/06/04 16:07:47  Project name <prjWINPricing400> : Module name <clsDatabaseMngr> :Routine name <GetRs> : Local error message <Run time error. Can't get record set. SQL1 -> SELECT EWP.*, EPPI.*, PI.PART_NO, PI.PART_DESC, PI.PART_TYPE, CM.CUSTOMER_ID, CM.CUSTOMER_CODE, NM.LONG_NAME CUSTOMER_NAME  FROM EX_PROMOTION_PART_ITEM EPPI LEFT OUTER JOIN EX_WORKS_PRICE EWP ON (EPPI.EX_WORKS_PRICE_ID = EWP.EX_WORKS_PRICE_ID) LEFT OUTER JOIN PART_ITEM PI ON (EPPI.PART_ITEM_ID = PI.PART_ITEM_ID) LEFT OUTER JOIN CUSTOMER CM ON (EPPI.CUSTOMER_ID = CM.CUSTOMER_ID) LEFT OUTER JOIN CUSTOMER_NAME CN ON (CM.CUSTOMER_ID = CN.CUSTOMER_ID) LEFT OUTER JOIN NAME NM ON (CN.NAME_ID = NM.NAME_ID) WHERE (EPPI.EX_WORKS_PRICE_ID = 94) AND (EWPI.VERIFY_FLAG = 'N')ORDER BY  PI.PART_NO ASC  SQL2 -> SELECT COUNT(*)  FROM EX_PROMOTION_PART_ITEM EPPI LEFT OUTER JOIN EX_WORKS_PRICE EWP ON (EPPI.EX_WORKS_PRICE_ID = EWP.EX_WORKS_PRICE_ID) LEFT OUTER JOIN PART_ITEM PI ON (EPPI.PART_ITEM_ID = PI.PART_ITEM_ID) LEFT OUTER JOIN CUSTOMER CM ON (EPPI.CUSTOMER_ID = CM.CUSTOMER_ID) LEFT OUTER JOIN CUSTOMER_NAME CN ON (CM.CUSTOMER_ID = CN.CUSTOMER_ID) LEFT OUTER JOIN NAME NM ON (CN.NAME_ID = NM.NAME_ID) WHERE (EPPI.EX_WORKS_PRICE_ID = 94) AND (EWPI.VERIFY_FLAG = 'N')> : System error message <Prepare:
SQLCODE=-206:
Dynamic SQL Error
SQL error code = -206
Column unknown
EWPI.VERIFY_FLAG
At line 1, column 444
IBCODE=isc_dsql_error
>
2020/06/04 16:07:48  Project name <prjWINPricing400> : Module name <clsDaily> :Routine name <QueryExWorksPrice> : Local error message <Run time error. Can't get record set. SQL1 -> SELECT EWP.*, EPPI.*, PI.PART_NO, PI.PART_DESC, PI.PART_TYPE, CM.CUSTOMER_ID, CM.CUSTOMER_CODE, NM.LONG_NAME CUSTOMER_NAME  FROM EX_PROMOTION_PART_ITEM EPPI LEFT OUTER JOIN EX_WORKS_PRICE EWP ON (EPPI.EX_WORKS_PRICE_ID = EWP.EX_WORKS_PRICE_ID) LEFT OUTER JOIN PART_ITEM PI ON (EPPI.PART_ITEM_ID = PI.PART_ITEM_ID) LEFT OUTER JOIN CUSTOMER CM ON (EPPI.CUSTOMER_ID = CM.CUSTOMER_ID) LEFT OUTER JOIN CUSTOMER_NAME CN ON (CM.CUSTOMER_ID = CN.CUSTOMER_ID) LEFT OUTER JOIN NAME NM ON (CN.NAME_ID = NM.NAME_ID) WHERE (EPPI.EX_WORKS_PRICE_ID = 94) AND (EWPI.VERIFY_FLAG = 'N')ORDER BY  PI.PART_NO ASC  SQL2 -> SELECT COUNT(*)  FROM EX_PROMOTION_PART_ITEM EPPI LEFT OUTER JOIN EX_WORKS_PRICE EWP ON (EPPI.EX_WORKS_PRICE_ID = EWP.EX_WORKS_PRICE_ID) LEFT OUTER JOIN PART_ITEM PI ON (EPPI.PART_ITEM_ID = PI.PART_ITEM_ID) LEFT OUTER JOIN CUSTOMER CM ON (EPPI.CUSTOMER_ID = CM.CUSTOMER_ID) LEFT OUTER JOIN CUSTOMER_NAME CN ON (CM.CUSTOMER_ID = CN.CUSTOMER_ID) LEFT OUTER JOIN NAME NM ON (CN.NAME_ID = NM.NAME_ID) WHERE (EPPI.EX_WORKS_PRICE_ID = 94) AND (EWPI.VERIFY_FLAG = 'N')> : System error message <Operation is not allowed when the object is closed.>
2020/06/04 16:07:49  Project name <prjWINPricing400> : Module name <clsDaily> :Routine name <QueryExWorksPrice> : Local error message <Run time error. Can't get record set. SQL1 -> SELECT EWP.*, EPPI.*, PI.PART_NO, PI.PART_DESC, PI.PART_TYPE, CM.CUSTOMER_ID, CM.CUSTOMER_CODE, NM.LONG_NAME CUSTOMER_NAME  FROM EX_PROMOTION_PART_ITEM EPPI LEFT OUTER JOIN EX_WORKS_PRICE EWP ON (EPPI.EX_WORKS_PRICE_ID = EWP.EX_WORKS_PRICE_ID) LEFT OUTER JOIN PART_ITEM PI ON (EPPI.PART_ITEM_ID = PI.PART_ITEM_ID) LEFT OUTER JOIN CUSTOMER CM ON (EPPI.CUSTOMER_ID = CM.CUSTOMER_ID) LEFT OUTER JOIN CUSTOMER_NAME CN ON (CM.CUSTOMER_ID = CN.CUSTOMER_ID) LEFT OUTER JOIN NAME NM ON (CN.NAME_ID = NM.NAME_ID) WHERE (EPPI.EX_WORKS_PRICE_ID = 94) AND (EWPI.VERIFY_FLAG = 'N')ORDER BY  PI.PART_NO ASC  SQL2 -> SELECT COUNT(*)  FROM EX_PROMOTION_PART_ITEM EPPI LEFT OUTER JOIN EX_WORKS_PRICE EWP ON (EPPI.EX_WORKS_PRICE_ID = EWP.EX_WORKS_PRICE_ID) LEFT OUTER JOIN PART_ITEM PI ON (EPPI.PART_ITEM_ID = PI.PART_ITEM_ID) LEFT OUTER JOIN CUSTOMER CM ON (EPPI.CUSTOMER_ID = CM.CUSTOMER_ID) LEFT OUTER JOIN CUSTOMER_NAME CN ON (CM.CUSTOMER_ID = CN.CUSTOMER_ID) LEFT OUTER JOIN NAME NM ON (CN.NAME_ID = NM.NAME_ID) WHERE (EPPI.EX_WORKS_PRICE_ID = 94) AND (EWPI.VERIFY_FLAG = 'N')> : System error message <Operation is not allowed when the object is closed.>
2020/06/04 16:07:51  Project name <prjWINPricing400> : Module name <clsDatabaseMngr> :Routine name <GetRs> : Local error message <Run time error. Can't get record set. SQL1 -> SELECT EWP.*, EPPI.*, PI.PART_NO, PI.PART_DESC, PI.PART_TYPE, CM.CUSTOMER_ID, CM.CUSTOMER_CODE, NM.LONG_NAME CUSTOMER_NAME  FROM EX_PROMOTION_PART_ITEM EPPI LEFT OUTER JOIN EX_WORKS_PRICE EWP ON (EPPI.EX_WORKS_PRICE_ID = EWP.EX_WORKS_PRICE_ID) LEFT OUTER JOIN PART_ITEM PI ON (EPPI.PART_ITEM_ID = PI.PART_ITEM_ID) LEFT OUTER JOIN CUSTOMER CM ON (EPPI.CUSTOMER_ID = CM.CUSTOMER_ID) LEFT OUTER JOIN CUSTOMER_NAME CN ON (CM.CUSTOMER_ID = CN.CUSTOMER_ID) LEFT OUTER JOIN NAME NM ON (CN.NAME_ID = NM.NAME_ID) WHERE (EPPI.EX_WORKS_PRICE_ID = 94) AND (EWPI.VERIFY_FLAG = 'N')ORDER BY  PI.PART_NO ASC  SQL2 -> SELECT COUNT(*)  FROM EX_PROMOTION_PART_ITEM EPPI LEFT OUTER JOIN EX_WORKS_PRICE EWP ON (EPPI.EX_WORKS_PRICE_ID = EWP.EX_WORKS_PRICE_ID) LEFT OUTER JOIN PART_ITEM PI ON (EPPI.PART_ITEM_ID = PI.PART_ITEM_ID) LEFT OUTER JOIN CUSTOMER CM ON (EPPI.CUSTOMER_ID = CM.CUSTOMER_ID) LEFT OUTER JOIN CUSTOMER_NAME CN ON (CM.CUSTOMER_ID = CN.CUSTOMER_ID) LEFT OUTER JOIN NAME NM ON (CN.NAME_ID = NM.NAME_ID) WHERE (EPPI.EX_WORKS_PRICE_ID = 94) AND (EWPI.VERIFY_FLAG = 'N')> : System error message <Prepare:
SQLCODE=-206:
Dynamic SQL Error
SQL error code = -206
Column unknown
EWPI.VERIFY_FLAG
At line 1, column 444
IBCODE=isc_dsql_error
>
2020/06/04 16:07:52  Project name <prjWINPricing400> : Module name <clsDaily> :Routine name <QueryExWorksPrice> : Local error message <Run time error. Can't get record set. SQL1 -> SELECT EWP.*, EPPI.*, PI.PART_NO, PI.PART_DESC, PI.PART_TYPE, CM.CUSTOMER_ID, CM.CUSTOMER_CODE, NM.LONG_NAME CUSTOMER_NAME  FROM EX_PROMOTION_PART_ITEM EPPI LEFT OUTER JOIN EX_WORKS_PRICE EWP ON (EPPI.EX_WORKS_PRICE_ID = EWP.EX_WORKS_PRICE_ID) LEFT OUTER JOIN PART_ITEM PI ON (EPPI.PART_ITEM_ID = PI.PART_ITEM_ID) LEFT OUTER JOIN CUSTOMER CM ON (EPPI.CUSTOMER_ID = CM.CUSTOMER_ID) LEFT OUTER JOIN CUSTOMER_NAME CN ON (CM.CUSTOMER_ID = CN.CUSTOMER_ID) LEFT OUTER JOIN NAME NM ON (CN.NAME_ID = NM.NAME_ID) WHERE (EPPI.EX_WORKS_PRICE_ID = 94) AND (EWPI.VERIFY_FLAG = 'N')ORDER BY  PI.PART_NO ASC  SQL2 -> SELECT COUNT(*)  FROM EX_PROMOTION_PART_ITEM EPPI LEFT OUTER JOIN EX_WORKS_PRICE EWP ON (EPPI.EX_WORKS_PRICE_ID = EWP.EX_WORKS_PRICE_ID) LEFT OUTER JOIN PART_ITEM PI ON (EPPI.PART_ITEM_ID = PI.PART_ITEM_ID) LEFT OUTER JOIN CUSTOMER CM ON (EPPI.CUSTOMER_ID = CM.CUSTOMER_ID) LEFT OUTER JOIN CUSTOMER_NAME CN ON (CM.CUSTOMER_ID = CN.CUSTOMER_ID) LEFT OUTER JOIN NAME NM ON (CN.NAME_ID = NM.NAME_ID) WHERE (EPPI.EX_WORKS_PRICE_ID = 94) AND (EWPI.VERIFY_FLAG = 'N')> : System error message <Operation is not allowed when the object is closed.>
2020/06/04 16:07:52  Project name <prjWINPricing400> : Module name <clsDaily> :Routine name <QueryExWorksPrice> : Local error message <Run time error. Can't get record set. SQL1 -> SELECT EWP.*, EPPI.*, PI.PART_NO, PI.PART_DESC, PI.PART_TYPE, CM.CUSTOMER_ID, CM.CUSTOMER_CODE, NM.LONG_NAME CUSTOMER_NAME  FROM EX_PROMOTION_PART_ITEM EPPI LEFT OUTER JOIN EX_WORKS_PRICE EWP ON (EPPI.EX_WORKS_PRICE_ID = EWP.EX_WORKS_PRICE_ID) LEFT OUTER JOIN PART_ITEM PI ON (EPPI.PART_ITEM_ID = PI.PART_ITEM_ID) LEFT OUTER JOIN CUSTOMER CM ON (EPPI.CUSTOMER_ID = CM.CUSTOMER_ID) LEFT OUTER JOIN CUSTOMER_NAME CN ON (CM.CUSTOMER_ID = CN.CUSTOMER_ID) LEFT OUTER JOIN NAME NM ON (CN.NAME_ID = NM.NAME_ID) WHERE (EPPI.EX_WORKS_PRICE_ID = 94) AND (EWPI.VERIFY_FLAG = 'N')ORDER BY  PI.PART_NO ASC  SQL2 -> SELECT COUNT(*)  FROM EX_PROMOTION_PART_ITEM EPPI LEFT OUTER JOIN EX_WORKS_PRICE EWP ON (EPPI.EX_WORKS_PRICE_ID = EWP.EX_WORKS_PRICE_ID) LEFT OUTER JOIN PART_ITEM PI ON (EPPI.PART_ITEM_ID = PI.PART_ITEM_ID) LEFT OUTER JOIN CUSTOMER CM ON (EPPI.CUSTOMER_ID = CM.CUSTOMER_ID) LEFT OUTER JOIN CUSTOMER_NAME CN ON (CM.CUSTOMER_ID = CN.CUSTOMER_ID) LEFT OUTER JOIN NAME NM ON (CN.NAME_ID = NM.NAME_ID) WHERE (EPPI.EX_WORKS_PRICE_ID = 94) AND (EWPI.VERIFY_FLAG = 'N')> : System error message <Operation is not allowed when the object is closed.>
2020/06/04 16:08:36  Project name <prjWINPricing400> : Module name <clsDatabaseMngr> :Routine name <GetRs> : Local error message <Run time error. Can't get record set. SQL1 -> SELECT EWP.*, EPPI.*, PI.PART_NO, PI.PART_DESC, PI.PART_TYPE, CM.CUSTOMER_ID, CM.CUSTOMER_CODE, NM.LONG_NAME CUSTOMER_NAME  FROM EX_PROMOTION_PART_ITEM EPPI LEFT OUTER JOIN EX_WORKS_PRICE EWP ON (EPPI.EX_WORKS_PRICE_ID = EWP.EX_WORKS_PRICE_ID) LEFT OUTER JOIN PART_ITEM PI ON (EPPI.PART_ITEM_ID = PI.PART_ITEM_ID) LEFT OUTER JOIN CUSTOMER CM ON (EPPI.CUSTOMER_ID = CM.CUSTOMER_ID) LEFT OUTER JOIN CUSTOMER_NAME CN ON (CM.CUSTOMER_ID = CN.CUSTOMER_ID) LEFT OUTER JOIN NAME NM ON (CN.NAME_ID = NM.NAME_ID) WHERE (EPPI.EX_WORKS_PRICE_ID = 94) AND (EWPI.VERIFY_FLAG = 'N')ORDER BY  PI.PART_NO ASC  SQL2 -> SELECT COUNT(*)  FROM EX_PROMOTION_PART_ITEM EPPI LEFT OUTER JOIN EX_WORKS_PRICE EWP ON (EPPI.EX_WORKS_PRICE_ID = EWP.EX_WORKS_PRICE_ID) LEFT OUTER JOIN PART_ITEM PI ON (EPPI.PART_ITEM_ID = PI.PART_ITEM_ID) LEFT OUTER JOIN CUSTOMER CM ON (EPPI.CUSTOMER_ID = CM.CUSTOMER_ID) LEFT OUTER JOIN CUSTOMER_NAME CN ON (CM.CUSTOMER_ID = CN.CUSTOMER_ID) LEFT OUTER JOIN NAME NM ON (CN.NAME_ID = NM.NAME_ID) WHERE (EPPI.EX_WORKS_PRICE_ID = 94) AND (EWPI.VERIFY_FLAG = 'N')> : System error message <Prepare:
SQLCODE=-206:
Dynamic SQL Error
SQL error code = -206
Column unknown
EWPI.VERIFY_FLAG
At line 1, column 444
IBCODE=isc_dsql_error
>
2020/06/04 16:08:37  Project name <prjWINPricing400> : Module name <clsDaily> :Routine name <QueryExWorksPrice> : Local error message <Run time error. Can't get record set. SQL1 -> SELECT EWP.*, EPPI.*, PI.PART_NO, PI.PART_DESC, PI.PART_TYPE, CM.CUSTOMER_ID, CM.CUSTOMER_CODE, NM.LONG_NAME CUSTOMER_NAME  FROM EX_PROMOTION_PART_ITEM EPPI LEFT OUTER JOIN EX_WORKS_PRICE EWP ON (EPPI.EX_WORKS_PRICE_ID = EWP.EX_WORKS_PRICE_ID) LEFT OUTER JOIN PART_ITEM PI ON (EPPI.PART_ITEM_ID = PI.PART_ITEM_ID) LEFT OUTER JOIN CUSTOMER CM ON (EPPI.CUSTOMER_ID = CM.CUSTOMER_ID) LEFT OUTER JOIN CUSTOMER_NAME CN ON (CM.CUSTOMER_ID = CN.CUSTOMER_ID) LEFT OUTER JOIN NAME NM ON (CN.NAME_ID = NM.NAME_ID) WHERE (EPPI.EX_WORKS_PRICE_ID = 94) AND (EWPI.VERIFY_FLAG = 'N')ORDER BY  PI.PART_NO ASC  SQL2 -> SELECT COUNT(*)  FROM EX_PROMOTION_PART_ITEM EPPI LEFT OUTER JOIN EX_WORKS_PRICE EWP ON (EPPI.EX_WORKS_PRICE_ID = EWP.EX_WORKS_PRICE_ID) LEFT OUTER JOIN PART_ITEM PI ON (EPPI.PART_ITEM_ID = PI.PART_ITEM_ID) LEFT OUTER JOIN CUSTOMER CM ON (EPPI.CUSTOMER_ID = CM.CUSTOMER_ID) LEFT OUTER JOIN CUSTOMER_NAME CN ON (CM.CUSTOMER_ID = CN.CUSTOMER_ID) LEFT OUTER JOIN NAME NM ON (CN.NAME_ID = NM.NAME_ID) WHERE (EPPI.EX_WORKS_PRICE_ID = 94) AND (EWPI.VERIFY_FLAG = 'N')> : System error message <Operation is not allowed when the object is closed.>
2020/06/04 16:08:38  Project name <prjWINPricing400> : Module name <clsDaily> :Routine name <QueryExWorksPrice> : Local error message <Run time error. Can't get record set. SQL1 -> SELECT EWP.*, EPPI.*, PI.PART_NO, PI.PART_DESC, PI.PART_TYPE, CM.CUSTOMER_ID, CM.CUSTOMER_CODE, NM.LONG_NAME CUSTOMER_NAME  FROM EX_PROMOTION_PART_ITEM EPPI LEFT OUTER JOIN EX_WORKS_PRICE EWP ON (EPPI.EX_WORKS_PRICE_ID = EWP.EX_WORKS_PRICE_ID) LEFT OUTER JOIN PART_ITEM PI ON (EPPI.PART_ITEM_ID = PI.PART_ITEM_ID) LEFT OUTER JOIN CUSTOMER CM ON (EPPI.CUSTOMER_ID = CM.CUSTOMER_ID) LEFT OUTER JOIN CUSTOMER_NAME CN ON (CM.CUSTOMER_ID = CN.CUSTOMER_ID) LEFT OUTER JOIN NAME NM ON (CN.NAME_ID = NM.NAME_ID) WHERE (EPPI.EX_WORKS_PRICE_ID = 94) AND (EWPI.VERIFY_FLAG = 'N')ORDER BY  PI.PART_NO ASC  SQL2 -> SELECT COUNT(*)  FROM EX_PROMOTION_PART_ITEM EPPI LEFT OUTER JOIN EX_WORKS_PRICE EWP ON (EPPI.EX_WORKS_PRICE_ID = EWP.EX_WORKS_PRICE_ID) LEFT OUTER JOIN PART_ITEM PI ON (EPPI.PART_ITEM_ID = PI.PART_ITEM_ID) LEFT OUTER JOIN CUSTOMER CM ON (EPPI.CUSTOMER_ID = CM.CUSTOMER_ID) LEFT OUTER JOIN CUSTOMER_NAME CN ON (CM.CUSTOMER_ID = CN.CUSTOMER_ID) LEFT OUTER JOIN NAME NM ON (CN.NAME_ID = NM.NAME_ID) WHERE (EPPI.EX_WORKS_PRICE_ID = 94) AND (EWPI.VERIFY_FLAG = 'N')> : System error message <Operation is not allowed when the object is closed.>
2020/06/04 16:09:53  Project name <prjWINPricing400> : Module name <clsDatabaseMngr> :Routine name <GetRs> : Local error message <Run time error. Can't get record set. SQL1 -> SELECT EWP.*, EPPI.*, PI.PART_NO, PI.PART_DESC, PI.PART_TYPE, CM.CUSTOMER_ID, CM.CUSTOMER_CODE, NM.LONG_NAME CUSTOMER_NAME  FROM EX_PROMOTION_PART_ITEM EPPI LEFT OUTER JOIN EX_WORKS_PRICE EWP ON (EPPI.EX_WORKS_PRICE_ID = EWP.EX_WORKS_PRICE_ID) LEFT OUTER JOIN PART_ITEM PI ON (EPPI.PART_ITEM_ID = PI.PART_ITEM_ID) LEFT OUTER JOIN CUSTOMER CM ON (EPPI.CUSTOMER_ID = CM.CUSTOMER_ID) LEFT OUTER JOIN CUSTOMER_NAME CN ON (CM.CUSTOMER_ID = CN.CUSTOMER_ID) LEFT OUTER JOIN NAME NM ON (CN.NAME_ID = NM.NAME_ID) WHERE (EPPI.EX_WORKS_PRICE_ID = 94) AND (EWPI.VERIFY_FLAG = 'N')ORDER BY  PI.PART_NO ASC  SQL2 -> SELECT COUNT(*)  FROM EX_PROMOTION_PART_ITEM EPPI LEFT OUTER JOIN EX_WORKS_PRICE EWP ON (EPPI.EX_WORKS_PRICE_ID = EWP.EX_WORKS_PRICE_ID) LEFT OUTER JOIN PART_ITEM PI ON (EPPI.PART_ITEM_ID = PI.PART_ITEM_ID) LEFT OUTER JOIN CUSTOMER CM ON (EPPI.CUSTOMER_ID = CM.CUSTOMER_ID) LEFT OUTER JOIN CUSTOMER_NAME CN ON (CM.CUSTOMER_ID = CN.CUSTOMER_ID) LEFT OUTER JOIN NAME NM ON (CN.NAME_ID = NM.NAME_ID) WHERE (EPPI.EX_WORKS_PRICE_ID = 94) AND (EWPI.VERIFY_FLAG = 'N')> : System error message <Prepare:
SQLCODE=-206:
Dynamic SQL Error
SQL error code = -206
Column unknown
EWPI.VERIFY_FLAG
At line 1, column 444
IBCODE=isc_dsql_error
>
2020/06/04 16:10:34  Project name <prjWINPricing400> : Module name <clsDaily> :Routine name <QueryExWorksPrice> : Local error message <Run time error. Can't get record set. SQL1 -> SELECT EWP.*, EPPI.*, PI.PART_NO, PI.PART_DESC, PI.PART_TYPE, CM.CUSTOMER_ID, CM.CUSTOMER_CODE, NM.LONG_NAME CUSTOMER_NAME  FROM EX_PROMOTION_PART_ITEM EPPI LEFT OUTER JOIN EX_WORKS_PRICE EWP ON (EPPI.EX_WORKS_PRICE_ID = EWP.EX_WORKS_PRICE_ID) LEFT OUTER JOIN PART_ITEM PI ON (EPPI.PART_ITEM_ID = PI.PART_ITEM_ID) LEFT OUTER JOIN CUSTOMER CM ON (EPPI.CUSTOMER_ID = CM.CUSTOMER_ID) LEFT OUTER JOIN CUSTOMER_NAME CN ON (CM.CUSTOMER_ID = CN.CUSTOMER_ID) LEFT OUTER JOIN NAME NM ON (CN.NAME_ID = NM.NAME_ID) WHERE (EPPI.EX_WORKS_PRICE_ID = 94) AND (EWPI.VERIFY_FLAG = 'N')ORDER BY  PI.PART_NO ASC  SQL2 -> SELECT COUNT(*)  FROM EX_PROMOTION_PART_ITEM EPPI LEFT OUTER JOIN EX_WORKS_PRICE EWP ON (EPPI.EX_WORKS_PRICE_ID = EWP.EX_WORKS_PRICE_ID) LEFT OUTER JOIN PART_ITEM PI ON (EPPI.PART_ITEM_ID = PI.PART_ITEM_ID) LEFT OUTER JOIN CUSTOMER CM ON (EPPI.CUSTOMER_ID = CM.CUSTOMER_ID) LEFT OUTER JOIN CUSTOMER_NAME CN ON (CM.CUSTOMER_ID = CN.CUSTOMER_ID) LEFT OUTER JOIN NAME NM ON (CN.NAME_ID = NM.NAME_ID) WHERE (EPPI.EX_WORKS_PRICE_ID = 94) AND (EWPI.VERIFY_FLAG = 'N')> : System error message <Operation is not allowed when the object is closed.>
2020/06/04 16:10:35  Project name <prjWINPricing400> : Module name <clsDaily> :Routine name <QueryExWorksPrice> : Local error message <Run time error. Can't get record set. SQL1 -> SELECT EWP.*, EPPI.*, PI.PART_NO, PI.PART_DESC, PI.PART_TYPE, CM.CUSTOMER_ID, CM.CUSTOMER_CODE, NM.LONG_NAME CUSTOMER_NAME  FROM EX_PROMOTION_PART_ITEM EPPI LEFT OUTER JOIN EX_WORKS_PRICE EWP ON (EPPI.EX_WORKS_PRICE_ID = EWP.EX_WORKS_PRICE_ID) LEFT OUTER JOIN PART_ITEM PI ON (EPPI.PART_ITEM_ID = PI.PART_ITEM_ID) LEFT OUTER JOIN CUSTOMER CM ON (EPPI.CUSTOMER_ID = CM.CUSTOMER_ID) LEFT OUTER JOIN CUSTOMER_NAME CN ON (CM.CUSTOMER_ID = CN.CUSTOMER_ID) LEFT OUTER JOIN NAME NM ON (CN.NAME_ID = NM.NAME_ID) WHERE (EPPI.EX_WORKS_PRICE_ID = 94) AND (EWPI.VERIFY_FLAG = 'N')ORDER BY  PI.PART_NO ASC  SQL2 -> SELECT COUNT(*)  FROM EX_PROMOTION_PART_ITEM EPPI LEFT OUTER JOIN EX_WORKS_PRICE EWP ON (EPPI.EX_WORKS_PRICE_ID = EWP.EX_WORKS_PRICE_ID) LEFT OUTER JOIN PART_ITEM PI ON (EPPI.PART_ITEM_ID = PI.PART_ITEM_ID) LEFT OUTER JOIN CUSTOMER CM ON (EPPI.CUSTOMER_ID = CM.CUSTOMER_ID) LEFT OUTER JOIN CUSTOMER_NAME CN ON (CM.CUSTOMER_ID = CN.CUSTOMER_ID) LEFT OUTER JOIN NAME NM ON (CN.NAME_ID = NM.NAME_ID) WHERE (EPPI.EX_WORKS_PRICE_ID = 94) AND (EWPI.VERIFY_FLAG = 'N')> : System error message <Operation is not allowed when the object is closed.>
2020/06/04 16:10:41  Project name <prjWINPricing400> : Module name <clsDatabaseMngr> :Routine name <GetRs> : Local error message <Run time error. Can't get record set. SQL1 -> SELECT EWP.*, EPPI.*, PI.PART_NO, PI.PART_DESC, PI.PART_TYPE, CM.CUSTOMER_ID, CM.CUSTOMER_CODE, NM.LONG_NAME CUSTOMER_NAME  FROM EX_PROMOTION_PART_ITEM EPPI LEFT OUTER JOIN EX_WORKS_PRICE EWP ON (EPPI.EX_WORKS_PRICE_ID = EWP.EX_WORKS_PRICE_ID) LEFT OUTER JOIN PART_ITEM PI ON (EPPI.PART_ITEM_ID = PI.PART_ITEM_ID) LEFT OUTER JOIN CUSTOMER CM ON (EPPI.CUSTOMER_ID = CM.CUSTOMER_ID) LEFT OUTER JOIN CUSTOMER_NAME CN ON (CM.CUSTOMER_ID = CN.CUSTOMER_ID) LEFT OUTER JOIN NAME NM ON (CN.NAME_ID = NM.NAME_ID) WHERE (EPPI.EX_WORKS_PRICE_ID = 94) AND (EWPI.VERIFY_FLAG = 'N')AND (EWPI.DECLARE_NEW_FLAG = 'Y')ORDER BY  PI.PART_NO ASC  SQL2 -> SELECT COUNT(*)  FROM EX_PROMOTION_PART_ITEM EPPI LEFT OUTER JOIN EX_WORKS_PRICE EWP ON (EPPI.EX_WORKS_PRICE_ID = EWP.EX_WORKS_PRICE_ID) LEFT OUTER JOIN PART_ITEM PI ON (EPPI.PART_ITEM_ID = PI.PART_ITEM_ID) LEFT OUTER JOIN CUSTOMER CM ON (EPPI.CUSTOMER_ID = CM.CUSTOMER_ID) LEFT OUTER JOIN CUSTOMER_NAME CN ON (CM.CUSTOMER_ID = CN.CUSTOMER_ID) LEFT OUTER JOIN NAME NM ON (CN.NAME_ID = NM.NAME_ID) WHERE (EPPI.EX_WORKS_PRICE_ID = 94) AND (EWPI.VERIFY_FLAG = 'N')AND (EWPI.DECLARE_NEW_FLAG = 'Y')> : System error message <Prepare:
SQLCODE=-206:
Dynamic SQL Error
SQL error code = -206
Column unknown
EWPI.VERIFY_FLAG
At line 1, column 444
IBCODE=isc_dsql_error
>
2020/06/04 16:10:42  Project name <prjWINPricing400> : Module name <clsDaily> :Routine name <QueryExWorksPrice> : Local error message <Run time error. Can't get record set. SQL1 -> SELECT EWP.*, EPPI.*, PI.PART_NO, PI.PART_DESC, PI.PART_TYPE, CM.CUSTOMER_ID, CM.CUSTOMER_CODE, NM.LONG_NAME CUSTOMER_NAME  FROM EX_PROMOTION_PART_ITEM EPPI LEFT OUTER JOIN EX_WORKS_PRICE EWP ON (EPPI.EX_WORKS_PRICE_ID = EWP.EX_WORKS_PRICE_ID) LEFT OUTER JOIN PART_ITEM PI ON (EPPI.PART_ITEM_ID = PI.PART_ITEM_ID) LEFT OUTER JOIN CUSTOMER CM ON (EPPI.CUSTOMER_ID = CM.CUSTOMER_ID) LEFT OUTER JOIN CUSTOMER_NAME CN ON (CM.CUSTOMER_ID = CN.CUSTOMER_ID) LEFT OUTER JOIN NAME NM ON (CN.NAME_ID = NM.NAME_ID) WHERE (EPPI.EX_WORKS_PRICE_ID = 94) AND (EWPI.VERIFY_FLAG = 'N')AND (EWPI.DECLARE_NEW_FLAG = 'Y')ORDER BY  PI.PART_NO ASC  SQL2 -> SELECT COUNT(*)  FROM EX_PROMOTION_PART_ITEM EPPI LEFT OUTER JOIN EX_WORKS_PRICE EWP ON (EPPI.EX_WORKS_PRICE_ID = EWP.EX_WORKS_PRICE_ID) LEFT OUTER JOIN PART_ITEM PI ON (EPPI.PART_ITEM_ID = PI.PART_ITEM_ID) LEFT OUTER JOIN CUSTOMER CM ON (EPPI.CUSTOMER_ID = CM.CUSTOMER_ID) LEFT OUTER JOIN CUSTOMER_NAME CN ON (CM.CUSTOMER_ID = CN.CUSTOMER_ID) LEFT OUTER JOIN NAME NM ON (CN.NAME_ID = NM.NAME_ID) WHERE (EPPI.EX_WORKS_PRICE_ID = 94) AND (EWPI.VERIFY_FLAG = 'N')AND (EWPI.DECLARE_NEW_FLAG = 'Y')> : System error message <Operation is not allowed when the object is closed.>
2020/06/04 16:10:42  Project name <prjWINPricing400> : Module name <clsDaily> :Routine name <QueryExWorksPrice> : Local error message <Run time error. Can't get record set. SQL1 -> SELECT EWP.*, EPPI.*, PI.PART_NO, PI.PART_DESC, PI.PART_TYPE, CM.CUSTOMER_ID, CM.CUSTOMER_CODE, NM.LONG_NAME CUSTOMER_NAME  FROM EX_PROMOTION_PART_ITEM EPPI LEFT OUTER JOIN EX_WORKS_PRICE EWP ON (EPPI.EX_WORKS_PRICE_ID = EWP.EX_WORKS_PRICE_ID) LEFT OUTER JOIN PART_ITEM PI ON (EPPI.PART_ITEM_ID = PI.PART_ITEM_ID) LEFT OUTER JOIN CUSTOMER CM ON (EPPI.CUSTOMER_ID = CM.CUSTOMER_ID) LEFT OUTER JOIN CUSTOMER_NAME CN ON (CM.CUSTOMER_ID = CN.CUSTOMER_ID) LEFT OUTER JOIN NAME NM ON (CN.NAME_ID = NM.NAME_ID) WHERE (EPPI.EX_WORKS_PRICE_ID = 94) AND (EWPI.VERIFY_FLAG = 'N')AND (EWPI.DECLARE_NEW_FLAG = 'Y')ORDER BY  PI.PART_NO ASC  SQL2 -> SELECT COUNT(*)  FROM EX_PROMOTION_PART_ITEM EPPI LEFT OUTER JOIN EX_WORKS_PRICE EWP ON (EPPI.EX_WORKS_PRICE_ID = EWP.EX_WORKS_PRICE_ID) LEFT OUTER JOIN PART_ITEM PI ON (EPPI.PART_ITEM_ID = PI.PART_ITEM_ID) LEFT OUTER JOIN CUSTOMER CM ON (EPPI.CUSTOMER_ID = CM.CUSTOMER_ID) LEFT OUTER JOIN CUSTOMER_NAME CN ON (CM.CUSTOMER_ID = CN.CUSTOMER_ID) LEFT OUTER JOIN NAME NM ON (CN.NAME_ID = NM.NAME_ID) WHERE (EPPI.EX_WORKS_PRICE_ID = 94) AND (EWPI.VERIFY_FLAG = 'N')AND (EWPI.DECLARE_NEW_FLAG = 'Y')> : System error message <Operation is not allowed when the object is closed.>
2020/06/04 16:10:55  Project name <prjWINPricing400> : Module name <clsDatabaseMngr> :Routine name <GetRs> : Local error message <Run time error. Can't get record set. SQL1 -> SELECT EWP.*, EPPI.*, PI.PART_NO, PI.PART_DESC, PI.PART_TYPE, CM.CUSTOMER_ID, CM.CUSTOMER_CODE, NM.LONG_NAME CUSTOMER_NAME  FROM EX_PROMOTION_PART_ITEM EPPI LEFT OUTER JOIN EX_WORKS_PRICE EWP ON (EPPI.EX_WORKS_PRICE_ID = EWP.EX_WORKS_PRICE_ID) LEFT OUTER JOIN PART_ITEM PI ON (EPPI.PART_ITEM_ID = PI.PART_ITEM_ID) LEFT OUTER JOIN CUSTOMER CM ON (EPPI.CUSTOMER_ID = CM.CUSTOMER_ID) LEFT OUTER JOIN CUSTOMER_NAME CN ON (CM.CUSTOMER_ID = CN.CUSTOMER_ID) LEFT OUTER JOIN NAME NM ON (CN.NAME_ID = NM.NAME_ID) WHERE (EPPI.EX_WORKS_PRICE_ID = 94) AND (EWPI.VERIFY_FLAG = 'N')AND (EWPI.DECLARE_NEW_FLAG = 'Y')ORDER BY  PI.PART_NO ASC  SQL2 -> SELECT COUNT(*)  FROM EX_PROMOTION_PART_ITEM EPPI LEFT OUTER JOIN EX_WORKS_PRICE EWP ON (EPPI.EX_WORKS_PRICE_ID = EWP.EX_WORKS_PRICE_ID) LEFT OUTER JOIN PART_ITEM PI ON (EPPI.PART_ITEM_ID = PI.PART_ITEM_ID) LEFT OUTER JOIN CUSTOMER CM ON (EPPI.CUSTOMER_ID = CM.CUSTOMER_ID) LEFT OUTER JOIN CUSTOMER_NAME CN ON (CM.CUSTOMER_ID = CN.CUSTOMER_ID) LEFT OUTER JOIN NAME NM ON (CN.NAME_ID = NM.NAME_ID) WHERE (EPPI.EX_WORKS_PRICE_ID = 94) AND (EWPI.VERIFY_FLAG = 'N')AND (EWPI.DECLARE_NEW_FLAG = 'Y')> : System error message <Prepare:
SQLCODE=-206:
Dynamic SQL Error
SQL error code = -206
Column unknown
EWPI.VERIFY_FLAG
At line 1, column 444
IBCODE=isc_dsql_error
>
2020/06/04 16:10:56  Project name <prjWINPricing400> : Module name <clsDaily> :Routine name <QueryExWorksPrice> : Local error message <Run time error. Can't get record set. SQL1 -> SELECT EWP.*, EPPI.*, PI.PART_NO, PI.PART_DESC, PI.PART_TYPE, CM.CUSTOMER_ID, CM.CUSTOMER_CODE, NM.LONG_NAME CUSTOMER_NAME  FROM EX_PROMOTION_PART_ITEM EPPI LEFT OUTER JOIN EX_WORKS_PRICE EWP ON (EPPI.EX_WORKS_PRICE_ID = EWP.EX_WORKS_PRICE_ID) LEFT OUTER JOIN PART_ITEM PI ON (EPPI.PART_ITEM_ID = PI.PART_ITEM_ID) LEFT OUTER JOIN CUSTOMER CM ON (EPPI.CUSTOMER_ID = CM.CUSTOMER_ID) LEFT OUTER JOIN CUSTOMER_NAME CN ON (CM.CUSTOMER_ID = CN.CUSTOMER_ID) LEFT OUTER JOIN NAME NM ON (CN.NAME_ID = NM.NAME_ID) WHERE (EPPI.EX_WORKS_PRICE_ID = 94) AND (EWPI.VERIFY_FLAG = 'N')AND (EWPI.DECLARE_NEW_FLAG = 'Y')ORDER BY  PI.PART_NO ASC  SQL2 -> SELECT COUNT(*)  FROM EX_PROMOTION_PART_ITEM EPPI LEFT OUTER JOIN EX_WORKS_PRICE EWP ON (EPPI.EX_WORKS_PRICE_ID = EWP.EX_WORKS_PRICE_ID) LEFT OUTER JOIN PART_ITEM PI ON (EPPI.PART_ITEM_ID = PI.PART_ITEM_ID) LEFT OUTER JOIN CUSTOMER CM ON (EPPI.CUSTOMER_ID = CM.CUSTOMER_ID) LEFT OUTER JOIN CUSTOMER_NAME CN ON (CM.CUSTOMER_ID = CN.CUSTOMER_ID) LEFT OUTER JOIN NAME NM ON (CN.NAME_ID = NM.NAME_ID) WHERE (EPPI.EX_WORKS_PRICE_ID = 94) AND (EWPI.VERIFY_FLAG = 'N')AND (EWPI.DECLARE_NEW_FLAG = 'Y')> : System error message <Operation is not allowed when the object is closed.>
2020/06/04 16:10:57  Project name <prjWINPricing400> : Module name <clsDaily> :Routine name <QueryExWorksPrice> : Local error message <Run time error. Can't get record set. SQL1 -> SELECT EWP.*, EPPI.*, PI.PART_NO, PI.PART_DESC, PI.PART_TYPE, CM.CUSTOMER_ID, CM.CUSTOMER_CODE, NM.LONG_NAME CUSTOMER_NAME  FROM EX_PROMOTION_PART_ITEM EPPI LEFT OUTER JOIN EX_WORKS_PRICE EWP ON (EPPI.EX_WORKS_PRICE_ID = EWP.EX_WORKS_PRICE_ID) LEFT OUTER JOIN PART_ITEM PI ON (EPPI.PART_ITEM_ID = PI.PART_ITEM_ID) LEFT OUTER JOIN CUSTOMER CM ON (EPPI.CUSTOMER_ID = CM.CUSTOMER_ID) LEFT OUTER JOIN CUSTOMER_NAME CN ON (CM.CUSTOMER_ID = CN.CUSTOMER_ID) LEFT OUTER JOIN NAME NM ON (CN.NAME_ID = NM.NAME_ID) WHERE (EPPI.EX_WORKS_PRICE_ID = 94) AND (EWPI.VERIFY_FLAG = 'N')AND (EWPI.DECLARE_NEW_FLAG = 'Y')ORDER BY  PI.PART_NO ASC  SQL2 -> SELECT COUNT(*)  FROM EX_PROMOTION_PART_ITEM EPPI LEFT OUTER JOIN EX_WORKS_PRICE EWP ON (EPPI.EX_WORKS_PRICE_ID = EWP.EX_WORKS_PRICE_ID) LEFT OUTER JOIN PART_ITEM PI ON (EPPI.PART_ITEM_ID = PI.PART_ITEM_ID) LEFT OUTER JOIN CUSTOMER CM ON (EPPI.CUSTOMER_ID = CM.CUSTOMER_ID) LEFT OUTER JOIN CUSTOMER_NAME CN ON (CM.CUSTOMER_ID = CN.CUSTOMER_ID) LEFT OUTER JOIN NAME NM ON (CN.NAME_ID = NM.NAME_ID) WHERE (EPPI.EX_WORKS_PRICE_ID = 94) AND (EWPI.VERIFY_FLAG = 'N')AND (EWPI.DECLARE_NEW_FLAG = 'Y')> : System error message <Operation is not allowed when the object is closed.>
2020/06/04 16:11:06  Project name <prjWINPricing400> : Module name <clsDatabaseMngr> :Routine name <GetRs> : Local error message <Run time error. Can't get record set. SQL1 -> SELECT EWP.*, EPPI.*, PI.PART_NO, PI.PART_DESC, PI.PART_TYPE, CM.CUSTOMER_ID, CM.CUSTOMER_CODE, NM.LONG_NAME CUSTOMER_NAME  FROM EX_PROMOTION_PART_ITEM EPPI LEFT OUTER JOIN EX_WORKS_PRICE EWP ON (EPPI.EX_WORKS_PRICE_ID = EWP.EX_WORKS_PRICE_ID) LEFT OUTER JOIN PART_ITEM PI ON (EPPI.PART_ITEM_ID = PI.PART_ITEM_ID) LEFT OUTER JOIN CUSTOMER CM ON (EPPI.CUSTOMER_ID = CM.CUSTOMER_ID) LEFT OUTER JOIN CUSTOMER_NAME CN ON (CM.CUSTOMER_ID = CN.CUSTOMER_ID) LEFT OUTER JOIN NAME NM ON (CN.NAME_ID = NM.NAME_ID) WHERE (EPPI.EX_WORKS_PRICE_ID = 94) AND (EWPI.VERIFY_FLAG = 'N')AND (EWPI.DECLARE_NEW_FLAG = 'Y')ORDER BY  PI.PART_NO ASC  SQL2 -> SELECT COUNT(*)  FROM EX_PROMOTION_PART_ITEM EPPI LEFT OUTER JOIN EX_WORKS_PRICE EWP ON (EPPI.EX_WORKS_PRICE_ID = EWP.EX_WORKS_PRICE_ID) LEFT OUTER JOIN PART_ITEM PI ON (EPPI.PART_ITEM_ID = PI.PART_ITEM_ID) LEFT OUTER JOIN CUSTOMER CM ON (EPPI.CUSTOMER_ID = CM.CUSTOMER_ID) LEFT OUTER JOIN CUSTOMER_NAME CN ON (CM.CUSTOMER_ID = CN.CUSTOMER_ID) LEFT OUTER JOIN NAME NM ON (CN.NAME_ID = NM.NAME_ID) WHERE (EPPI.EX_WORKS_PRICE_ID = 94) AND (EWPI.VERIFY_FLAG = 'N')AND (EWPI.DECLARE_NEW_FLAG = 'Y')> : System error message <Prepare:
SQLCODE=-206:
Dynamic SQL Error
SQL error code = -206
Column unknown
EWPI.VERIFY_FLAG
At line 1, column 444
IBCODE=isc_dsql_error
>
2020/06/04 16:11:07  Project name <prjWINPricing400> : Module name <clsDaily> :Routine name <QueryExWorksPrice> : Local error message <Run time error. Can't get record set. SQL1 -> SELECT EWP.*, EPPI.*, PI.PART_NO, PI.PART_DESC, PI.PART_TYPE, CM.CUSTOMER_ID, CM.CUSTOMER_CODE, NM.LONG_NAME CUSTOMER_NAME  FROM EX_PROMOTION_PART_ITEM EPPI LEFT OUTER JOIN EX_WORKS_PRICE EWP ON (EPPI.EX_WORKS_PRICE_ID = EWP.EX_WORKS_PRICE_ID) LEFT OUTER JOIN PART_ITEM PI ON (EPPI.PART_ITEM_ID = PI.PART_ITEM_ID) LEFT OUTER JOIN CUSTOMER CM ON (EPPI.CUSTOMER_ID = CM.CUSTOMER_ID) LEFT OUTER JOIN CUSTOMER_NAME CN ON (CM.CUSTOMER_ID = CN.CUSTOMER_ID) LEFT OUTER JOIN NAME NM ON (CN.NAME_ID = NM.NAME_ID) WHERE (EPPI.EX_WORKS_PRICE_ID = 94) AND (EWPI.VERIFY_FLAG = 'N')AND (EWPI.DECLARE_NEW_FLAG = 'Y')ORDER BY  PI.PART_NO ASC  SQL2 -> SELECT COUNT(*)  FROM EX_PROMOTION_PART_ITEM EPPI LEFT OUTER JOIN EX_WORKS_PRICE EWP ON (EPPI.EX_WORKS_PRICE_ID = EWP.EX_WORKS_PRICE_ID) LEFT OUTER JOIN PART_ITEM PI ON (EPPI.PART_ITEM_ID = PI.PART_ITEM_ID) LEFT OUTER JOIN CUSTOMER CM ON (EPPI.CUSTOMER_ID = CM.CUSTOMER_ID) LEFT OUTER JOIN CUSTOMER_NAME CN ON (CM.CUSTOMER_ID = CN.CUSTOMER_ID) LEFT OUTER JOIN NAME NM ON (CN.NAME_ID = NM.NAME_ID) WHERE (EPPI.EX_WORKS_PRICE_ID = 94) AND (EWPI.VERIFY_FLAG = 'N')AND (EWPI.DECLARE_NEW_FLAG = 'Y')> : System error message <Operation is not allowed when the object is closed.>
2020/06/04 16:11:08  Project name <prjWINPricing400> : Module name <clsDaily> :Routine name <QueryExWorksPrice> : Local error message <Run time error. Can't get record set. SQL1 -> SELECT EWP.*, EPPI.*, PI.PART_NO, PI.PART_DESC, PI.PART_TYPE, CM.CUSTOMER_ID, CM.CUSTOMER_CODE, NM.LONG_NAME CUSTOMER_NAME  FROM EX_PROMOTION_PART_ITEM EPPI LEFT OUTER JOIN EX_WORKS_PRICE EWP ON (EPPI.EX_WORKS_PRICE_ID = EWP.EX_WORKS_PRICE_ID) LEFT OUTER JOIN PART_ITEM PI ON (EPPI.PART_ITEM_ID = PI.PART_ITEM_ID) LEFT OUTER JOIN CUSTOMER CM ON (EPPI.CUSTOMER_ID = CM.CUSTOMER_ID) LEFT OUTER JOIN CUSTOMER_NAME CN ON (CM.CUSTOMER_ID = CN.CUSTOMER_ID) LEFT OUTER JOIN NAME NM ON (CN.NAME_ID = NM.NAME_ID) WHERE (EPPI.EX_WORKS_PRICE_ID = 94) AND (EWPI.VERIFY_FLAG = 'N')AND (EWPI.DECLARE_NEW_FLAG = 'Y')ORDER BY  PI.PART_NO ASC  SQL2 -> SELECT COUNT(*)  FROM EX_PROMOTION_PART_ITEM EPPI LEFT OUTER JOIN EX_WORKS_PRICE EWP ON (EPPI.EX_WORKS_PRICE_ID = EWP.EX_WORKS_PRICE_ID) LEFT OUTER JOIN PART_ITEM PI ON (EPPI.PART_ITEM_ID = PI.PART_ITEM_ID) LEFT OUTER JOIN CUSTOMER CM ON (EPPI.CUSTOMER_ID = CM.CUSTOMER_ID) LEFT OUTER JOIN CUSTOMER_NAME CN ON (CM.CUSTOMER_ID = CN.CUSTOMER_ID) LEFT OUTER JOIN NAME NM ON (CN.NAME_ID = NM.NAME_ID) WHERE (EPPI.EX_WORKS_PRICE_ID = 94) AND (EWPI.VERIFY_FLAG = 'N')AND (EWPI.DECLARE_NEW_FLAG = 'Y')> : System error message <Operation is not allowed when the object is closed.>
2020/06/04 16:11:33  Project name <prjWINPricing400> : Module name <clsDatabaseMngr> :Routine name <GetRs> : Local error message <Run time error. Can't get record set. SQL1 -> SELECT EWP.*, EPPI.*, PI.PART_NO, PI.PART_DESC, PI.PART_TYPE, CM.CUSTOMER_ID, CM.CUSTOMER_CODE, NM.LONG_NAME CUSTOMER_NAME  FROM EX_PROMOTION_PART_ITEM EPPI LEFT OUTER JOIN EX_WORKS_PRICE EWP ON (EPPI.EX_WORKS_PRICE_ID = EWP.EX_WORKS_PRICE_ID) LEFT OUTER JOIN PART_ITEM PI ON (EPPI.PART_ITEM_ID = PI.PART_ITEM_ID) LEFT OUTER JOIN CUSTOMER CM ON (EPPI.CUSTOMER_ID = CM.CUSTOMER_ID) LEFT OUTER JOIN CUSTOMER_NAME CN ON (CM.CUSTOMER_ID = CN.CUSTOMER_ID) LEFT OUTER JOIN NAME NM ON (CN.NAME_ID = NM.NAME_ID) WHERE (EPPI.EX_WORKS_PRICE_ID = 94) AND (EWPI.VERIFY_FLAG = 'N')AND (EWPI.DECLARE_NEW_FLAG = 'Y')ORDER BY  PI.PART_NO ASC  SQL2 -> SELECT COUNT(*)  FROM EX_PROMOTION_PART_ITEM EPPI LEFT OUTER JOIN EX_WORKS_PRICE EWP ON (EPPI.EX_WORKS_PRICE_ID = EWP.EX_WORKS_PRICE_ID) LEFT OUTER JOIN PART_ITEM PI ON (EPPI.PART_ITEM_ID = PI.PART_ITEM_ID) LEFT OUTER JOIN CUSTOMER CM ON (EPPI.CUSTOMER_ID = CM.CUSTOMER_ID) LEFT OUTER JOIN CUSTOMER_NAME CN ON (CM.CUSTOMER_ID = CN.CUSTOMER_ID) LEFT OUTER JOIN NAME NM ON (CN.NAME_ID = NM.NAME_ID) WHERE (EPPI.EX_WORKS_PRICE_ID = 94) AND (EWPI.VERIFY_FLAG = 'N')AND (EWPI.DECLARE_NEW_FLAG = 'Y')> : System error message <Prepare:
SQLCODE=-206:
Dynamic SQL Error
SQL error code = -206
Column unknown
EWPI.VERIFY_FLAG
At line 1, column 444
IBCODE=isc_dsql_error
>
2020/06/04 16:13:36  Project name <prjWINPricing400> : Module name <clsDatabaseMngr> :Routine name <GetRs> : Local error message <Run time error. Can't get record set. SQL1 -> SELECT EWP.*, EPPI.*, PI.PART_NO, PI.PART_DESC, PI.PART_TYPE, CM.CUSTOMER_ID, CM.CUSTOMER_CODE, NM.LONG_NAME CUSTOMER_NAME  FROM EX_PROMOTION_PART_ITEM EPPI LEFT OUTER JOIN EX_WORKS_PRICE EWP ON (EPPI.EX_WORKS_PRICE_ID = EWP.EX_WORKS_PRICE_ID) LEFT OUTER JOIN PART_ITEM PI ON (EPPI.PART_ITEM_ID = PI.PART_ITEM_ID) LEFT OUTER JOIN CUSTOMER CM ON (EPPI.CUSTOMER_ID = CM.CUSTOMER_ID) LEFT OUTER JOIN CUSTOMER_NAME CN ON (CM.CUSTOMER_ID = CN.CUSTOMER_ID) LEFT OUTER JOIN NAME NM ON (CN.NAME_ID = NM.NAME_ID) WHERE (EPPI.EX_WORKS_PRICE_ID = 94) AND (EWPI.VERIFY_FLAG = 'N')AND (EWPI.DECLARE_NEW_FLAG = 'Y')ORDER BY  PI.PART_NO ASC  SQL2 -> SELECT COUNT(*)  FROM EX_PROMOTION_PART_ITEM EPPI LEFT OUTER JOIN EX_WORKS_PRICE EWP ON (EPPI.EX_WORKS_PRICE_ID = EWP.EX_WORKS_PRICE_ID) LEFT OUTER JOIN PART_ITEM PI ON (EPPI.PART_ITEM_ID = PI.PART_ITEM_ID) LEFT OUTER JOIN CUSTOMER CM ON (EPPI.CUSTOMER_ID = CM.CUSTOMER_ID) LEFT OUTER JOIN CUSTOMER_NAME CN ON (CM.CUSTOMER_ID = CN.CUSTOMER_ID) LEFT OUTER JOIN NAME NM ON (CN.NAME_ID = NM.NAME_ID) WHERE (EPPI.EX_WORKS_PRICE_ID = 94) AND (EWPI.VERIFY_FLAG = 'N')AND (EWPI.DECLARE_NEW_FLAG = 'Y')> : System error message <Prepare:
SQLCODE=-206:
Dynamic SQL Error
SQL error code = -206
Column unknown
EWPI.VERIFY_FLAG
At line 1, column 444
IBCODE=isc_dsql_error
>
2020/06/04 16:13:37  Project name <prjWINPricing400> : Module name <clsDaily> :Routine name <QueryExWorksPrice> : Local error message <Run time error. Can't get record set. SQL1 -> SELECT EWP.*, EPPI.*, PI.PART_NO, PI.PART_DESC, PI.PART_TYPE, CM.CUSTOMER_ID, CM.CUSTOMER_CODE, NM.LONG_NAME CUSTOMER_NAME  FROM EX_PROMOTION_PART_ITEM EPPI LEFT OUTER JOIN EX_WORKS_PRICE EWP ON (EPPI.EX_WORKS_PRICE_ID = EWP.EX_WORKS_PRICE_ID) LEFT OUTER JOIN PART_ITEM PI ON (EPPI.PART_ITEM_ID = PI.PART_ITEM_ID) LEFT OUTER JOIN CUSTOMER CM ON (EPPI.CUSTOMER_ID = CM.CUSTOMER_ID) LEFT OUTER JOIN CUSTOMER_NAME CN ON (CM.CUSTOMER_ID = CN.CUSTOMER_ID) LEFT OUTER JOIN NAME NM ON (CN.NAME_ID = NM.NAME_ID) WHERE (EPPI.EX_WORKS_PRICE_ID = 94) AND (EWPI.VERIFY_FLAG = 'N')AND (EWPI.DECLARE_NEW_FLAG = 'Y')ORDER BY  PI.PART_NO ASC  SQL2 -> SELECT COUNT(*)  FROM EX_PROMOTION_PART_ITEM EPPI LEFT OUTER JOIN EX_WORKS_PRICE EWP ON (EPPI.EX_WORKS_PRICE_ID = EWP.EX_WORKS_PRICE_ID) LEFT OUTER JOIN PART_ITEM PI ON (EPPI.PART_ITEM_ID = PI.PART_ITEM_ID) LEFT OUTER JOIN CUSTOMER CM ON (EPPI.CUSTOMER_ID = CM.CUSTOMER_ID) LEFT OUTER JOIN CUSTOMER_NAME CN ON (CM.CUSTOMER_ID = CN.CUSTOMER_ID) LEFT OUTER JOIN NAME NM ON (CN.NAME_ID = NM.NAME_ID) WHERE (EPPI.EX_WORKS_PRICE_ID = 94) AND (EWPI.VERIFY_FLAG = 'N')AND (EWPI.DECLARE_NEW_FLAG = 'Y')> : System error message <Operation is not allowed when the object is closed.>
2020/06/04 16:13:38  Project name <prjWINPricing400> : Module name <clsDaily> :Routine name <QueryExWorksPrice> : Local error message <Run time error. Can't get record set. SQL1 -> SELECT EWP.*, EPPI.*, PI.PART_NO, PI.PART_DESC, PI.PART_TYPE, CM.CUSTOMER_ID, CM.CUSTOMER_CODE, NM.LONG_NAME CUSTOMER_NAME  FROM EX_PROMOTION_PART_ITEM EPPI LEFT OUTER JOIN EX_WORKS_PRICE EWP ON (EPPI.EX_WORKS_PRICE_ID = EWP.EX_WORKS_PRICE_ID) LEFT OUTER JOIN PART_ITEM PI ON (EPPI.PART_ITEM_ID = PI.PART_ITEM_ID) LEFT OUTER JOIN CUSTOMER CM ON (EPPI.CUSTOMER_ID = CM.CUSTOMER_ID) LEFT OUTER JOIN CUSTOMER_NAME CN ON (CM.CUSTOMER_ID = CN.CUSTOMER_ID) LEFT OUTER JOIN NAME NM ON (CN.NAME_ID = NM.NAME_ID) WHERE (EPPI.EX_WORKS_PRICE_ID = 94) AND (EWPI.VERIFY_FLAG = 'N')AND (EWPI.DECLARE_NEW_FLAG = 'Y')ORDER BY  PI.PART_NO ASC  SQL2 -> SELECT COUNT(*)  FROM EX_PROMOTION_PART_ITEM EPPI LEFT OUTER JOIN EX_WORKS_PRICE EWP ON (EPPI.EX_WORKS_PRICE_ID = EWP.EX_WORKS_PRICE_ID) LEFT OUTER JOIN PART_ITEM PI ON (EPPI.PART_ITEM_ID = PI.PART_ITEM_ID) LEFT OUTER JOIN CUSTOMER CM ON (EPPI.CUSTOMER_ID = CM.CUSTOMER_ID) LEFT OUTER JOIN CUSTOMER_NAME CN ON (CM.CUSTOMER_ID = CN.CUSTOMER_ID) LEFT OUTER JOIN NAME NM ON (CN.NAME_ID = NM.NAME_ID) WHERE (EPPI.EX_WORKS_PRICE_ID = 94) AND (EWPI.VERIFY_FLAG = 'N')AND (EWPI.DECLARE_NEW_FLAG = 'Y')> : System error message <Operation is not allowed when the object is closed.>
