2020/02/17 14:28:26  Project name <prjWINPricing400> : Module name <clsDatabaseMngr> :Routine name <GetRs> : Local error message <Run time error. Can't get record set. SQL1 -> SELECT PI.PART_ITEM_ID,LD3.LOT_ID,SUM(LI.TOTAL_INCLUDE_PRICE) TOTAL_INCLUDE_PRICE,SUM(LI.TX_AMOUNT) TX_AMOUNT FROM BILLING_DOC BD LEFT OUTER JOIN LOT_ITEM_WH LIW ON (BD.INVENTORY_WH_DOC_ID = LIW.INVENTORY_WH_DOC_ID) LEFT OUTER JOIN PART_ITEM PI ON (LIW.PART_ITEM_ID = PI.PART_ITEM_ID) LEFT OUTER JOIN LOT_DOC LD ON (LIW.LOT_ITEM_WH_ID = LD.LOT_ITEM_WH_ID) LEFT OUTER JOIN LOT_DOC LD2 ON (LD.LOT_DOC_ID_REF = LD2.LOT_DOC_ID) LEFT OUTER JOIN LOT_DOC LD3 ON (LD2.LOT_ID = LD3.LOT_ID) LEFT OUTER JOIN LOT_ITEM_WH LIW2 ON (LD3.LOT_ITEM_WH_ID =LIW2.LOT_ITEM_WH_ID) LEFT OUTER JOIN JOB JB ON (LIW2.INVENTORY_WH_DOC_ID = J.INVENTORY_WH_DOC_ID) LEFT OUTER JOIN LOT_ITEM LI ON (JB.INVENTORY_DOC_ID = LI.INVENTORY_DOC_ID) LEFT OUTER JOIN PART_ITEM PI2 ON (LI.PART_ITEM_ID = PI2.PART_ITEM_ID)  WHERE BD.ACCEPT_BY IS NOT NULL AND (LI.TX_TYPE = 'I') AND (JB.PROCESS_ID = 4) AND (BD.BILLING_DOC_ID = 302411) ORDER BY  BD.BILLING_DOC_ID ASC  SQL2 -> SELECT COUNT(*)  FROM BILLING_DOC BD LEFT OUTER JOIN LOT_ITEM_WH LIW ON (BD.INVENTORY_WH_DOC_ID = LIW.INVENTORY_WH_DOC_ID) LEFT OUTER JOIN PART_ITEM PI ON (LIW.PART_ITEM_ID = PI.PART_ITEM_ID) LEFT OUTER JOIN LOT_DOC LD ON (LIW.LOT_ITEM_WH_ID = LD.LOT_ITEM_WH_ID) LEFT OUTER JOIN LOT_DOC LD2 ON (LD.LOT_DOC_ID_REF = LD2.LOT_DOC_ID) LEFT OUTER JOIN LOT_DOC LD3 ON (LD2.LOT_ID = LD3.LOT_ID) LEFT OUTER JOIN LOT_ITEM_WH LIW2 ON (LD3.LOT_ITEM_WH_ID =LIW2.LOT_ITEM_WH_ID) LEFT OUTER JOIN JOB JB ON (LIW2.INVENTORY_WH_DOC_ID = J.INVENTORY_WH_DOC_ID) LEFT OUTER JOIN LOT_ITEM LI ON (JB.INVENTORY_DOC_ID = LI.INVENTORY_DOC_ID) LEFT OUTER JOIN PART_ITEM PI2 ON (LI.PART_ITEM_ID = PI2.PART_ITEM_ID)  WHERE BD.ACCEPT_BY IS NOT NULL AND (LI.TX_TYPE = 'I') AND (JB.PROCESS_ID = 4) AND (BD.BILLING_DOC_ID = 302411) > : System error message <Prepare:
SQLCODE=-206:
Dynamic SQL Error
SQL error code = -206
Column unknown
J.INVENTORY_WH_DOC_ID
At line 1, column 523
IBCODE=isc_dsql_error
>
2020/02/17 14:30:20  Project name <prjWINPricing400> : Module name <clsDatabaseMngr> :Routine name <GetRs> : Local error message <Run time error. Can't get record set. SQL1 -> SELECT PI.PART_ITEM_ID,LD3.LOT_ID,SUM(LI.TOTAL_INCLUDE_PRICE) TOTAL_INCLUDE_PRICE,SUM(LI.TX_AMOUNT) TX_AMOUNT FROM BILLING_DOC BD LEFT OUTER JOIN LOT_ITEM_WH LIW ON (BD.INVENTORY_WH_DOC_ID = LIW.INVENTORY_WH_DOC_ID) LEFT OUTER JOIN PART_ITEM PI ON (LIW.PART_ITEM_ID = PI.PART_ITEM_ID) LEFT OUTER JOIN LOT_DOC LD ON (LIW.LOT_ITEM_WH_ID = LD.LOT_ITEM_WH_ID) LEFT OUTER JOIN LOT_DOC LD2 ON (LD.LOT_DOC_ID_REF = LD2.LOT_DOC_ID) LEFT OUTER JOIN LOT_DOC LD3 ON (LD2.LOT_ID = LD3.LOT_ID) LEFT OUTER JOIN LOT_ITEM_WH LIW2 ON (LD3.LOT_ITEM_WH_ID =LIW2.LOT_ITEM_WH_ID) LEFT OUTER JOIN JOB JB ON (LIW2.INVENTORY_WH_DOC_ID = J.INVENTORY_WH_DOC_ID) LEFT OUTER JOIN LOT_ITEM LI ON (JB.INVENTORY_DOC_ID = LI.INVENTORY_DOC_ID) LEFT OUTER JOIN PART_ITEM PI2 ON (LI.PART_ITEM_ID = PI2.PART_ITEM_ID)  WHERE BD.ACCEPT_BY IS NOT NULL AND (LI.TX_TYPE = 'I') AND (JB.PROCESS_ID = 4) AND (BD.BILLING_DOC_ID = 302411) ORDER BY  BD.BILLING_DOC_ID ASC  SQL2 -> SELECT COUNT(*)  FROM BILLING_DOC BD LEFT OUTER JOIN LOT_ITEM_WH LIW ON (BD.INVENTORY_WH_DOC_ID = LIW.INVENTORY_WH_DOC_ID) LEFT OUTER JOIN PART_ITEM PI ON (LIW.PART_ITEM_ID = PI.PART_ITEM_ID) LEFT OUTER JOIN LOT_DOC LD ON (LIW.LOT_ITEM_WH_ID = LD.LOT_ITEM_WH_ID) LEFT OUTER JOIN LOT_DOC LD2 ON (LD.LOT_DOC_ID_REF = LD2.LOT_DOC_ID) LEFT OUTER JOIN LOT_DOC LD3 ON (LD2.LOT_ID = LD3.LOT_ID) LEFT OUTER JOIN LOT_ITEM_WH LIW2 ON (LD3.LOT_ITEM_WH_ID =LIW2.LOT_ITEM_WH_ID) LEFT OUTER JOIN JOB JB ON (LIW2.INVENTORY_WH_DOC_ID = J.INVENTORY_WH_DOC_ID) LEFT OUTER JOIN LOT_ITEM LI ON (JB.INVENTORY_DOC_ID = LI.INVENTORY_DOC_ID) LEFT OUTER JOIN PART_ITEM PI2 ON (LI.PART_ITEM_ID = PI2.PART_ITEM_ID)  WHERE BD.ACCEPT_BY IS NOT NULL AND (LI.TX_TYPE = 'I') AND (JB.PROCESS_ID = 4) AND (BD.BILLING_DOC_ID = 302411) > : System error message <Prepare:
SQLCODE=-206:
Dynamic SQL Error
SQL error code = -206
Column unknown
J.INVENTORY_WH_DOC_ID
At line 1, column 523
IBCODE=isc_dsql_error
>
2020/02/17 14:30:25  Project name <prjWINPricing400> : Module name <clsDatabaseMngr> :Routine name <GetRs> : Local error message <Run time error. Can't get record set. SQL1 -> SELECT PI.PART_ITEM_ID,LD3.LOT_ID,SUM(LI.TOTAL_INCLUDE_PRICE) TOTAL_INCLUDE_PRICE,SUM(LI.TX_AMOUNT) TX_AMOUNT FROM BILLING_DOC BD LEFT OUTER JOIN LOT_ITEM_WH LIW ON (BD.INVENTORY_WH_DOC_ID = LIW.INVENTORY_WH_DOC_ID) LEFT OUTER JOIN PART_ITEM PI ON (LIW.PART_ITEM_ID = PI.PART_ITEM_ID) LEFT OUTER JOIN LOT_DOC LD ON (LIW.LOT_ITEM_WH_ID = LD.LOT_ITEM_WH_ID) LEFT OUTER JOIN LOT_DOC LD2 ON (LD.LOT_DOC_ID_REF = LD2.LOT_DOC_ID) LEFT OUTER JOIN LOT_DOC LD3 ON (LD2.LOT_ID = LD3.LOT_ID) LEFT OUTER JOIN LOT_ITEM_WH LIW2 ON (LD3.LOT_ITEM_WH_ID =LIW2.LOT_ITEM_WH_ID) LEFT OUTER JOIN JOB JB ON (LIW2.INVENTORY_WH_DOC_ID = JB.INVENTORY_WH_DOC_ID) LEFT OUTER JOIN LOT_ITEM LI ON (JB.INVENTORY_DOC_ID = LI.INVENTORY_DOC_ID) LEFT OUTER JOIN PART_ITEM PI2 ON (LI.PART_ITEM_ID = PI2.PART_ITEM_ID)  WHERE BD.ACCEPT_BY IS NOT NULL AND (LI.TX_TYPE = 'I') AND (JB.PROCESS_ID = 4) AND (BD.BILLING_DOC_ID = 302411) GROUP BY PI.PART_ITEM_ID,LD3.LOT_ID ORDER BY  BD.BILLING_DOC_ID ASC  SQL2 -> SELECT COUNT(*)  FROM BILLING_DOC BD LEFT OUTER JOIN LOT_ITEM_WH LIW ON (BD.INVENTORY_WH_DOC_ID = LIW.INVENTORY_WH_DOC_ID) LEFT OUTER JOIN PART_ITEM PI ON (LIW.PART_ITEM_ID = PI.PART_ITEM_ID) LEFT OUTER JOIN LOT_DOC LD ON (LIW.LOT_ITEM_WH_ID = LD.LOT_ITEM_WH_ID) LEFT OUTER JOIN LOT_DOC LD2 ON (LD.LOT_DOC_ID_REF = LD2.LOT_DOC_ID) LEFT OUTER JOIN LOT_DOC LD3 ON (LD2.LOT_ID = LD3.LOT_ID) LEFT OUTER JOIN LOT_ITEM_WH LIW2 ON (LD3.LOT_ITEM_WH_ID =LIW2.LOT_ITEM_WH_ID) LEFT OUTER JOIN JOB JB ON (LIW2.INVENTORY_WH_DOC_ID = JB.INVENTORY_WH_DOC_ID) LEFT OUTER JOIN LOT_ITEM LI ON (JB.INVENTORY_DOC_ID = LI.INVENTORY_DOC_ID) LEFT OUTER JOIN PART_ITEM PI2 ON (LI.PART_ITEM_ID = PI2.PART_ITEM_ID)  WHERE BD.ACCEPT_BY IS NOT NULL AND (LI.TX_TYPE = 'I') AND (JB.PROCESS_ID = 4) AND (BD.BILLING_DOC_ID = 302411) > : System error message <Prepare:
SQLCODE=-104:
Dynamic SQL Error
SQL error code = -104
Invalid expression in the ORDER BY clause (not contained in either an aggregate function or the GROUP BY clause)
IBCODE=isc_dsql_error
>
2020/02/17 14:31:34  Project name <prjWINPricing400> : Module name <clsDatabaseMngr> :Routine name <GetRs> : Local error message <Run time error. Can't get record set. SQL1 -> SELECT PI.PART_ITEM_ID,LD3.LOT_ID,SUM(LI.TOTAL_INCLUDE_PRICE) TOTAL_INCLUDE_PRICE,SUM(LI.TX_AMOUNT) TX_AMOUNT FROM BILLING_DOC BD LEFT OUTER JOIN LOT_ITEM_WH LIW ON (BD.INVENTORY_WH_DOC_ID = LIW.INVENTORY_WH_DOC_ID) LEFT OUTER JOIN PART_ITEM PI ON (LIW.PART_ITEM_ID = PI.PART_ITEM_ID) LEFT OUTER JOIN LOT_DOC LD ON (LIW.LOT_ITEM_WH_ID = LD.LOT_ITEM_WH_ID) LEFT OUTER JOIN LOT_DOC LD2 ON (LD.LOT_DOC_ID_REF = LD2.LOT_DOC_ID) LEFT OUTER JOIN LOT_DOC LD3 ON (LD2.LOT_ID = LD3.LOT_ID) LEFT OUTER JOIN LOT_ITEM_WH LIW2 ON (LD3.LOT_ITEM_WH_ID =LIW2.LOT_ITEM_WH_ID) LEFT OUTER JOIN JOB JB ON (LIW2.INVENTORY_WH_DOC_ID = JB.INVENTORY_WH_DOC_ID) LEFT OUTER JOIN LOT_ITEM LI ON (JB.INVENTORY_DOC_ID = LI.INVENTORY_DOC_ID) LEFT OUTER JOIN PART_ITEM PI2 ON (LI.PART_ITEM_ID = PI2.PART_ITEM_ID)  WHERE BD.ACCEPT_BY IS NOT NULL AND (LI.TX_TYPE = 'I') AND (JB.PROCESS_ID = 4) AND (BD.BILLING_DOC_ID = 302411) GROUP BY PI.PART_ITEM_ID,LD3.LOT_ID ORDER BY  BD.BILLING_DOC_ID ASC  SQL2 -> SELECT COUNT(*)  FROM BILLING_DOC BD LEFT OUTER JOIN LOT_ITEM_WH LIW ON (BD.INVENTORY_WH_DOC_ID = LIW.INVENTORY_WH_DOC_ID) LEFT OUTER JOIN PART_ITEM PI ON (LIW.PART_ITEM_ID = PI.PART_ITEM_ID) LEFT OUTER JOIN LOT_DOC LD ON (LIW.LOT_ITEM_WH_ID = LD.LOT_ITEM_WH_ID) LEFT OUTER JOIN LOT_DOC LD2 ON (LD.LOT_DOC_ID_REF = LD2.LOT_DOC_ID) LEFT OUTER JOIN LOT_DOC LD3 ON (LD2.LOT_ID = LD3.LOT_ID) LEFT OUTER JOIN LOT_ITEM_WH LIW2 ON (LD3.LOT_ITEM_WH_ID =LIW2.LOT_ITEM_WH_ID) LEFT OUTER JOIN JOB JB ON (LIW2.INVENTORY_WH_DOC_ID = JB.INVENTORY_WH_DOC_ID) LEFT OUTER JOIN LOT_ITEM LI ON (JB.INVENTORY_DOC_ID = LI.INVENTORY_DOC_ID) LEFT OUTER JOIN PART_ITEM PI2 ON (LI.PART_ITEM_ID = PI2.PART_ITEM_ID)  WHERE BD.ACCEPT_BY IS NOT NULL AND (LI.TX_TYPE = 'I') AND (JB.PROCESS_ID = 4) AND (BD.BILLING_DOC_ID = 302411) > : System error message <Prepare:
SQLCODE=-104:
Dynamic SQL Error
SQL error code = -104
Invalid expression in the ORDER BY clause (not contained in either an aggregate function or the GROUP BY clause)
IBCODE=isc_dsql_error
>
