2019/03/22 14:48:47  Project name <prjWINPricing400> : Module name <frmVerifyAccRight> :Routine name <CheckAccRightUserPassword> : Local error message <บัญชีรายชื่อนี้ไม่สามารถเข้าถึงข้อมูลส่วนนี้ได้> : System error message < ไม่สามารถเข้าถึงส่วน CREDIT_PROMOTIONAL>
2020/05/28 15:10:57  Project name <prjWINPricing400> : Module name <frmVerifyAccRight> :Routine name <CheckAccRightUserPassword> : Local error message <บัญชีรายชื่อนี้ไม่สามารถเข้าถึงข้อมูลส่วนนี้ได้> : System error message < ไม่สามารถเข้าถึงส่วน PACKAGE-CENTER_EX-WORKS-PRICE_VERIFY>
2020/05/28 15:47:45  Project name <prjWINPricing400> : Module name <frmVerifyAccRight> :Routine name <CheckAccRightUserPassword> : Local error message <บัญชีรายชื่อนี้ไม่สามารถเข้าถึงข้อมูลส่วนนี้ได้> : System error message < ไม่สามารถเข้าถึงส่วน PACKAGE-CENTER_EX-WORKS-PRICE_APPROVE>
2020/05/28 16:19:20  Project name <prjWINPricing400> : Module name <frmVerifyAccRight> :Routine name <CheckAccRightUserPassword> : Local error message <บัญชีรายชื่อนี้ไม่สามารถเข้าถึงข้อมูลส่วนนี้ได้> : System error message < ไม่สามารถเข้าถึงส่วน PACKAGE-CENTER_EX-WORKS-PRICE_APPROVE>
2020/05/28 16:26:53  Project name <prjWINPricing400> : Module name <frmVerifyAccRight> :Routine name <CheckAccRightUserPassword> : Local error message <บัญชีรายชื่อนี้ไม่สามารถเข้าถึงข้อมูลส่วนนี้ได้> : System error message < ไม่สามารถเข้าถึงส่วน PACKAGE-CENTER_EX-WORKS-PRICE_APPROVE-CANCEL>
2020/05/28 16:27:01  Project name <prjWINPricing400> : Module name <frmVerifyAccRight> :Routine name <CheckAccRightUserPassword> : Local error message <บัญชีรายชื่อนี้ไม่สามารถเข้าถึงข้อมูลส่วนนี้ได้> : System error message < ไม่สามารถเข้าถึงส่วน PACKAGE-CENTER_EX-WORKS-PRICE_VERIFY-CANCEL>
2020/05/28 16:27:20  Project name <prjWINPricing400> : Module name <frmVerifyAccRight> :Routine name <CheckAccRightUserPassword> : Local error message <บัญชีรายชื่อนี้ไม่สามารถเข้าถึงข้อมูลส่วนนี้ได้> : System error message < ไม่สามารถเข้าถึงส่วน PACKAGE-CENTER_EX-WORKS-PRICE_VERIFY-CANCEL>
2020/05/29 14:10:19  Project name <prjWINPricing400> : Module name <frmVerifyAccRight> :Routine name <CheckAccRightUserPassword> : Local error message <บัญชีรายชื่อนี้ไม่สามารถเข้าถึงข้อมูลส่วนนี้ได้> : System error message < ไม่สามารถเข้าถึงส่วน PACKAGE-CENTER_EX-WORKS-PRICE_APPROVE>
2020/05/29 14:11:32  Project name <prjWINPricing400> : Module name <frmVerifyAccRight> :Routine name <CheckAccRightUserPassword> : Local error message <บัญชีรายชื่อนี้ไม่สามารถเข้าถึงข้อมูลส่วนนี้ได้> : System error message < ไม่สามารถเข้าถึงส่วน PACKAGE-CENTER_EX-WORKS-PRICE_VERIFY>
2020/05/29 14:22:07  Project name <prjWINPricing400> : Module name <frmVerifyAccRight> :Routine name <CheckAccRightUserPassword> : Local error message <บัญชีรายชื่อนี้ไม่สามารถเข้าถึงข้อมูลส่วนนี้ได้> : System error message < ไม่สามารถเข้าถึงส่วน PACKAGE-CENTER_EX-WORKS-PRICE_VERIFY>
2020/05/29 14:51:59  Project name <prjWINPricing400> : Module name <frmVerifyAccRight> :Routine name <CheckAccRightUserPassword> : Local error message <บัญชีรายชื่อนี้ไม่สามารถเข้าถึงข้อมูลส่วนนี้ได้> : System error message < ไม่สามารถเข้าถึงส่วน PACKAGE-CENTER_EX-WORKS-PRICE_VERIFY>
2020/05/29 15:02:49  Project name <prjWINPricing400> : Module name <frmVerifyAccRight> :Routine name <CheckAccRightUserPassword> : Local error message <บัญชีรายชื่อนี้ไม่สามารถเข้าถึงข้อมูลส่วนนี้ได้> : System error message < ไม่สามารถเข้าถึงส่วน PACKAGE-CENTER_EX-WORKS-PRICE_VERIFY>
2020/06/02 17:21:04  Project name <prjWINPricing400> : Module name <frmVerifyAccRight> :Routine name <CheckAccRightUserPassword> : Local error message <บัญชีรายชื่อนี้ไม่สามารถเข้าถึงข้อมูลส่วนนี้ได้> : System error message < ไม่สามารถเข้าถึงส่วน PACKAGE-CENTER_EX-WORKS-PRICE_APPROVE>
2020/06/02 17:21:20  Project name <prjWINPricing400> : Module name <frmVerifyAccRight> :Routine name <CheckAccRightUserPassword> : Local error message <บัญชีรายชื่อนี้ไม่สามารถเข้าถึงข้อมูลส่วนนี้ได้> : System error message < ไม่สามารถเข้าถึงส่วน PACKAGE-CENTER_EX-WORKS-PRICE_VERIFY>
2020/06/02 17:30:07  Project name <prjWINPricing400> : Module name <frmVerifyAccRight> :Routine name <CheckAccRightUserPassword> : Local error message <บัญชีรายชื่อนี้ไม่สามารถเข้าถึงข้อมูลส่วนนี้ได้> : System error message < ไม่สามารถเข้าถึงส่วน PACKAGE-CENTER_EX-WORKS-PRICE_VERIFY>
2020/06/02 17:30:14  Project name <prjWINPricing400> : Module name <frmVerifyAccRight> :Routine name <CheckAccRightUserPassword> : Local error message <บัญชีรายชื่อนี้ไม่สามารถเข้าถึงข้อมูลส่วนนี้ได้> : System error message < ไม่สามารถเข้าถึงส่วน PACKAGE-CENTER_EX-WORKS-PRICE_APPROVE>
2020/06/02 19:05:16  Project name <prjWINPricing400> : Module name <frmVerifyAccRight> :Routine name <CheckAccRightUserPassword> : Local error message <บัญชีรายชื่อนี้ไม่สามารถเข้าถึงข้อมูลส่วนนี้ได้> : System error message < ไม่สามารถเข้าถึงส่วน PACKAGE-CENTER_EX-WORKS-PRICE_APPROVE>
2020/06/02 19:19:00  Project name <prjWINPricing400> : Module name <frmVerifyAccRight> :Routine name <CheckAccRightUserPassword> : Local error message <บัญชีรายชื่อนี้ไม่สามารถเข้าถึงข้อมูลส่วนนี้ได้> : System error message < ไม่สามารถเข้าถึงส่วน PACKAGE-CENTER_EX-WORKS-PRICE_APPROVE>
2020/06/04 09:17:48  Project name <prjWINPricing400> : Module name <frmVerifyAccRight> :Routine name <CheckAccRightUserPassword> : Local error message <บัญชีรายชื่อนี้ไม่สามารถเข้าถึงข้อมูลส่วนนี้ได้> : System error message < ไม่สามารถเข้าถึงส่วน PACKAGE-CENTER_EX-WORKS-PRICE_VERIFY-CANCEL>
2020/06/04 09:17:55  Project name <prjWINPricing400> : Module name <frmVerifyAccRight> :Routine name <CheckAccRightUserPassword> : Local error message <บัญชีรายชื่อนี้ไม่สามารถเข้าถึงข้อมูลส่วนนี้ได้> : System error message < ไม่สามารถเข้าถึงส่วน PACKAGE-CENTER_EX-WORKS-PRICE_APPROVE-CANCEL>
2020/06/04 10:02:17  Project name <prjWINPricing400> : Module name <frmVerifyAccRight> :Routine name <CheckAccRightUserPassword> : Local error message <บัญชีรายชื่อนี้ไม่สามารถเข้าถึงข้อมูลส่วนนี้ได้> : System error message < ไม่สามารถเข้าถึงส่วน PACKAGE-CENTER_EX-WORKS-PRICE_APPROVE>
2020/06/04 10:51:29  Project name <prjWINPricing400> : Module name <frmVerifyAccRight> :Routine name <CheckAccRightUserPassword> : Local error message <บัญชีรายชื่อนี้ไม่สามารถเข้าถึงข้อมูลส่วนนี้ได้> : System error message < ไม่สามารถเข้าถึงส่วน PACKAGE-CENTER_PROMOTION-PART_VERIFY>
2020/06/04 10:51:36  Project name <prjWINPricing400> : Module name <frmVerifyAccRight> :Routine name <CheckAccRightUserPassword> : Local error message <บัญชีรายชื่อนี้ไม่สามารถเข้าถึงข้อมูลส่วนนี้ได้> : System error message < ไม่สามารถเข้าถึงส่วน PACKAGE-CENTER_PROMOTION-PART_APPROVE>
2020/06/04 12:00:39  Project name <prjWINPricing400> : Module name <frmVerifyAccRight> :Routine name <CheckAccRightUserPassword> : Local error message <บัญชีรายชื่อนี้ไม่สามารถเข้าถึงข้อมูลส่วนนี้ได้> : System error message < ไม่สามารถเข้าถึงส่วน PACKAGE-CENTER_EX-WORKS-PRICE_VERIFY>
2020/06/04 16:26:21  Project name <prjWINPricing400> : Module name <frmVerifyAccRight> :Routine name <CheckAccRightUserPassword> : Local error message <บัญชีรายชื่อนี้ไม่สามารถเข้าถึงข้อมูลส่วนนี้ได้> : System error message < ไม่สามารถเข้าถึงส่วน PACKAGE-CENTER_EX-WORKS-PRICE_APPROVE>
2020/06/08 00:55:52  Project name <prjWINPricing400> : Module name <frmVerifyAccRight> :Routine name <CheckAccRightUserPassword> : Local error message <บัญชีรายชื่อนี้ไม่สามารถเข้าถึงข้อมูลส่วนนี้ได้> : System error message < ไม่สามารถเข้าถึงส่วน PACKAGE-CENTER_PROMOTION-PART_VERIFY>
2020/06/08 11:41:00  Project name <prjWINPricing400> : Module name <frmVerifyAccRight> :Routine name <CheckAccRightUserPassword> : Local error message <บัญชีรายชื่อนี้ไม่สามารถเข้าถึงข้อมูลส่วนนี้ได้> : System error message < ไม่สามารถเข้าถึงส่วน PACKAGE-CENTER_EX-WORKS-PRICE_VERIFY>
2020/06/08 11:41:16  Project name <prjWINPricing400> : Module name <frmVerifyAccRight> :Routine name <CheckAccRightUserPassword> : Local error message <บัญชีรายชื่อนี้ไม่สามารถเข้าถึงข้อมูลส่วนนี้ได้> : System error message < ไม่สามารถเข้าถึงส่วน PACKAGE-CENTER_EX-WORKS-PRICE_APPROVE>
2020/06/08 11:47:28  Project name <prjWINPricing400> : Module name <frmVerifyAccRight> :Routine name <CheckAccRightUserPassword> : Local error message <บัญชีรายชื่อนี้ไม่สามารถเข้าถึงข้อมูลส่วนนี้ได้> : System error message < ไม่สามารถเข้าถึงส่วน PACKAGE-CENTER_EX-WORKS-PRICE_APPROVE>
2020/06/08 11:52:19  Project name <prjWINPricing400> : Module name <frmVerifyAccRight> :Routine name <CheckAccRightUserPassword> : Local error message <บัญชีรายชื่อนี้ไม่สามารถเข้าถึงข้อมูลส่วนนี้ได้> : System error message < ไม่สามารถเข้าถึงส่วน PACKAGE-CENTER_EX-WORKS-PRICE_VERIFY>
2020/06/08 11:52:25  Project name <prjWINPricing400> : Module name <frmVerifyAccRight> :Routine name <CheckAccRightUserPassword> : Local error message <บัญชีรายชื่อนี้ไม่สามารถเข้าถึงข้อมูลส่วนนี้ได้> : System error message < ไม่สามารถเข้าถึงส่วน PACKAGE-CENTER_EX-WORKS-PRICE_APPROVE>
2020/06/08 11:53:47  Project name <prjWINPricing400> : Module name <frmVerifyAccRight> :Routine name <CheckAccRightUserPassword> : Local error message <บัญชีรายชื่อนี้ไม่สามารถเข้าถึงข้อมูลส่วนนี้ได้> : System error message < ไม่สามารถเข้าถึงส่วน PACKAGE-CENTER_EX-WORKS-PRICE_VERIFY>
2020/06/08 13:25:36  Project name <prjWINPricing400> : Module name <frmVerifyAccRight> :Routine name <CheckAccRightUserPassword> : Local error message <บัญชีรายชื่อนี้ไม่สามารถเข้าถึงข้อมูลส่วนนี้ได้> : System error message < ไม่สามารถเข้าถึงส่วน PACKAGE-CENTER_EX-WORKS-PRICE_VERIFY>
2020/06/08 13:29:54  Project name <prjWINPricing400> : Module name <frmVerifyAccRight> :Routine name <CheckAccRightUserPassword> : Local error message <บัญชีรายชื่อนี้ไม่สามารถเข้าถึงข้อมูลส่วนนี้ได้> : System error message < ไม่สามารถเข้าถึงส่วน PACKAGE-CENTER_EX-WORKS-PRICE_VERIFY>
2020/06/08 13:33:36  Project name <prjWINPricing400> : Module name <frmVerifyAccRight> :Routine name <CheckAccRightUserPassword> : Local error message <บัญชีรายชื่อนี้ไม่สามารถเข้าถึงข้อมูลส่วนนี้ได้> : System error message < ไม่สามารถเข้าถึงส่วน PACKAGE-CENTER_EX-WORKS-PRICE_APPROVE>
2020/06/10 14:13:24  Project name <prjWINPricing400> : Module name <frmVerifyAccRight> :Routine name <CheckAccRightUserPassword> : Local error message <บัญชีรายชื่อนี้ไม่สามารถเข้าถึงข้อมูลส่วนนี้ได้> : System error message < ไม่สามารถเข้าถึงส่วน PACKAGE-CENTER_PROMOTION-PART_APPROVE>
2020/06/10 15:46:11  Project name <prjWINPricing400> : Module name <frmVerifyAccRight> :Routine name <CheckAccRightUserPassword> : Local error message <บัญชีรายชื่อนี้ไม่สามารถเข้าถึงข้อมูลส่วนนี้ได้> : System error message < ไม่สามารถเข้าถึงส่วน PACKAGE-CENTER_EX-WORKS-PRICE_VERIFY>
2020/06/10 15:46:19  Project name <prjWINPricing400> : Module name <frmVerifyAccRight> :Routine name <CheckAccRightUserPassword> : Local error message <บัญชีรายชื่อนี้ไม่สามารถเข้าถึงข้อมูลส่วนนี้ได้> : System error message < ไม่สามารถเข้าถึงส่วน PACKAGE-CENTER_EX-WORKS-PRICE_APPROVE>
2020/06/10 15:46:52  Project name <prjWINPricing400> : Module name <frmVerifyAccRight> :Routine name <CheckAccRightUserPassword> : Local error message <บัญชีรายชื่อนี้ไม่สามารถเข้าถึงข้อมูลส่วนนี้ได้> : System error message < ไม่สามารถเข้าถึงส่วน PACKAGE-CENTER_PROMOTION-PART_VERIFY>
2020/06/10 15:46:57  Project name <prjWINPricing400> : Module name <frmVerifyAccRight> :Routine name <CheckAccRightUserPassword> : Local error message <บัญชีรายชื่อนี้ไม่สามารถเข้าถึงข้อมูลส่วนนี้ได้> : System error message < ไม่สามารถเข้าถึงส่วน PACKAGE-CENTER_PROMOTION-PART_APPROVE>
2020/06/10 16:36:40  Project name <prjWINPricing400> : Module name <frmVerifyAccRight> :Routine name <CheckAccRightUserPassword> : Local error message <บัญชีรายชื่อนี้ไม่สามารถเข้าถึงข้อมูลส่วนนี้ได้> : System error message < ไม่สามารถเข้าถึงส่วน PACKAGE-CENTER_EX-WORKS-PRICE_VERIFY>
2020/06/11 09:18:41  Project name <prjWINPricing400> : Module name <frmVerifyAccRight> :Routine name <CheckAccRightUserPassword> : Local error message <บัญชีรายชื่อนี้ไม่สามารถเข้าถึงข้อมูลส่วนนี้ได้> : System error message < ไม่สามารถเข้าถึงส่วน PACKAGE-CENTER_DELIVERY-COST_VERIFY>
2020/06/11 09:18:47  Project name <prjWINPricing400> : Module name <frmVerifyAccRight> :Routine name <CheckAccRightUserPassword> : Local error message <บัญชีรายชื่อนี้ไม่สามารถเข้าถึงข้อมูลส่วนนี้ได้> : System error message < ไม่สามารถเข้าถึงส่วน PACKAGE-CENTER_DELIVERY-COST_APPROVE>
2020/06/11 11:18:51  Project name <prjWINPricing400> : Module name <frmVerifyAccRight> :Routine name <CheckAccRightUserPassword> : Local error message <บัญชีรายชื่อนี้ไม่สามารถเข้าถึงข้อมูลส่วนนี้ได้> : System error message < ไม่สามารถเข้าถึงส่วน PACKAGE-CENTER_PROMOTION-DELIVERY_VERIFY>
2020/06/11 11:18:56  Project name <prjWINPricing400> : Module name <frmVerifyAccRight> :Routine name <CheckAccRightUserPassword> : Local error message <บัญชีรายชื่อนี้ไม่สามารถเข้าถึงข้อมูลส่วนนี้ได้> : System error message < ไม่สามารถเข้าถึงส่วน PACKAGE-CENTER_PROMOTION-DELIVERY_APPROVE>
2020/06/11 11:31:01  Project name <prjWINPricing400> : Module name <frmVerifyAccRight> :Routine name <CheckAccRightUserPassword> : Local error message <บัญชีรายชื่อนี้ไม่สามารถเข้าถึงข้อมูลส่วนนี้ได้> : System error message < ไม่สามารถเข้าถึงส่วน PACKAGE-CENTER_PROMOTION-DELIVERY_VERIFY>
2020/06/12 13:43:45  Project name <prjWINPricing400> : Module name <frmVerifyAccRight> :Routine name <CheckAccRightUserPassword> : Local error message <บัญชีรายชื่อนี้ไม่สามารถเข้าถึงข้อมูลส่วนนี้ได้> : System error message < ไม่สามารถเข้าถึงส่วน PACKAGE-CENTER_EX-WORKS-PRICE_VERIFY>
2020/06/12 13:43:57  Project name <prjWINPricing400> : Module name <frmVerifyAccRight> :Routine name <CheckAccRightUserPassword> : Local error message <บัญชีรายชื่อนี้ไม่สามารถเข้าถึงข้อมูลส่วนนี้ได้> : System error message < ไม่สามารถเข้าถึงส่วน PACKAGE-CENTER_EX-WORKS-PRICE_VERIFY>
2020/06/12 15:26:35  Project name <prjWINPricing400> : Module name <frmVerifyAccRight> :Routine name <CheckAccRightUserPassword> : Local error message <บัญชีรายชื่อนี้ไม่สามารถเข้าถึงข้อมูลส่วนนี้ได้> : System error message < ไม่สามารถเข้าถึงส่วน PACKAGE-CENTER_EX-WORKS-PRICE_VERIFY>
2020/06/12 17:26:00  Project name <prjWINPricing400> : Module name <frmVerifyAccRight> :Routine name <CheckAccRightUserPassword> : Local error message <บัญชีรายชื่อนี้ไม่สามารถเข้าถึงข้อมูลส่วนนี้ได้> : System error message < ไม่สามารถเข้าถึงส่วน PACKAGE-CENTER_PROMOTION-PART_VERIFY>
